TpTrace Verbose: 0 : 38688, 1, 2024/02/05, 23:37:36.408, 13262968174687, vstest.console.dll, Version: 17.6.0-release-20230405-08 Current process architecture: X64
TpTrace Verbose: 0 : 38688, 1, 2024/02/05, 23:37:36.410, 13262968190472, vstest.console.dll, Runtime location: C:\Program Files\dotnet\shared\Microsoft.NETCore.App\7.0.7
TpTrace Verbose: 0 : 38688, 1, 2024/02/05, 23:37:36.412, 13262968217887, vstest.console.dll, ArtifactProcessingPostProcessModeProcessorExecutor.Initialize: ArtifactProcessingMode.Collect
TpTrace Verbose: 0 : 38688, 1, 2024/02/05, 23:37:36.413, 13262968219698, vstest.console.dll, TestSessionCorrelationIdProcessorModeProcessorExecutor.Initialize: TestSessionCorrelationId '23844_a35b3b53-a294-4147-b1b0-28cc59319b88'
TpTrace Information: 0 : 38688, 1, 2024/02/05, 23:37:36.420, 13262968289478, vstest.console.dll, FilePatternParser: The given file H:\GameDev\GameColorChess\ColorChess\UnitTestColorChess\bin\Debug\net6.0\fine-code-coverage\build-output\UnitTestColorChess.dll is a full path.
TpTrace Verbose: 0 : 38688, 1, 2024/02/05, 23:37:36.425, 13262968343585, vstest.console.dll, TestPluginCache.DiscoverTestExtensions: finding test extensions in assemblies ends with: RuntimeProvider.dll TPluginInfo: Microsoft.VisualStudio.TestPlatform.Common.ExtensionFramework.Utilities.TestRuntimePluginInformation TExtension: Microsoft.VisualStudio.TestPlatform.ObjectModel.Host.ITestRuntimeProvider
TpTrace Verbose: 0 : 38688, 1, 2024/02/05, 23:37:36.426, 13262968358387, vstest.console.dll, TestPluginCache.GetExtensionPaths: Filtered extension paths: 
TpTrace Verbose: 0 : 38688, 1, 2024/02/05, 23:37:36.427, 13262968359708, vstest.console.dll, TestPluginCache.GetExtensionPaths: Added default extension paths: C:\Program Files\dotnet\sdk\7.0.304\Extensions\Microsoft.Diagnostics.NETCore.Client.dll
C:\Program Files\dotnet\sdk\7.0.304\Extensions\Microsoft.TestPlatform.Extensions.BlameDataCollector.dll
C:\Program Files\dotnet\sdk\7.0.304\Extensions\Microsoft.TestPlatform.Extensions.EventLogCollector.dll
C:\Program Files\dotnet\sdk\7.0.304\Extensions\Microsoft.TestPlatform.TestHostRuntimeProvider.dll
C:\Program Files\dotnet\sdk\7.0.304\Extensions\Microsoft.VisualStudio.TestPlatform.Extensions.Html.TestLogger.dll
C:\Program Files\dotnet\sdk\7.0.304\Extensions\Microsoft.VisualStudio.TestPlatform.Extensions.Trx.TestLogger.dll
TpTrace Verbose: 0 : 38688, 1, 2024/02/05, 23:37:36.427, 13262968359946, vstest.console.dll, TestPluginCache.GetExtensionPaths: Added unfilterableExtensionPaths: 
TpTrace Information: 0 : 38688, 1, 2024/02/05, 23:37:36.427, 13262968365820, vstest.console.dll, AssemblyResolver.ctor: Creating AssemblyResolver with searchDirectories C:\Program Files\dotnet\sdk\7.0.304\Extensions,C:\Program Files\dotnet\sdk\7.0.304
TpTrace Verbose: 0 : 38688, 1, 2024/02/05, 23:37:36.428, 13262968373355, vstest.console.dll, TestPluginCache.DiscoverTestExtensions: Discovering the extensions using extension path.
TpTrace Verbose: 0 : 38688, 1, 2024/02/05, 23:37:36.428, 13262968374948, vstest.console.dll, TestPluginCache.GetExtensionPaths: Filtered extension paths: 
TpTrace Verbose: 0 : 38688, 1, 2024/02/05, 23:37:36.428, 13262968375302, vstest.console.dll, TestPluginCache.GetExtensionPaths: Added default extension paths: C:\Program Files\dotnet\sdk\7.0.304\Extensions\Microsoft.Diagnostics.NETCore.Client.dll
C:\Program Files\dotnet\sdk\7.0.304\Extensions\Microsoft.TestPlatform.Extensions.BlameDataCollector.dll
C:\Program Files\dotnet\sdk\7.0.304\Extensions\Microsoft.TestPlatform.Extensions.EventLogCollector.dll
C:\Program Files\dotnet\sdk\7.0.304\Extensions\Microsoft.TestPlatform.TestHostRuntimeProvider.dll
C:\Program Files\dotnet\sdk\7.0.304\Extensions\Microsoft.VisualStudio.TestPlatform.Extensions.Html.TestLogger.dll
C:\Program Files\dotnet\sdk\7.0.304\Extensions\Microsoft.VisualStudio.TestPlatform.Extensions.Trx.TestLogger.dll
TpTrace Verbose: 0 : 38688, 1, 2024/02/05, 23:37:36.428, 13262968375505, vstest.console.dll, TestPluginCache.GetExtensionPaths: Added unfilterableExtensionPaths: 
TpTrace Verbose: 0 : 38688, 1, 2024/02/05, 23:37:36.428, 13262968376404, vstest.console.dll, TestPluginCache.DiscoverTestExtensions: Discovering the extensions using allExtensionPaths: C:\Program Files\dotnet\sdk\7.0.304\Extensions\Microsoft.Diagnostics.NETCore.Client.dll
C:\Program Files\dotnet\sdk\7.0.304\Extensions\Microsoft.TestPlatform.Extensions.BlameDataCollector.dll
C:\Program Files\dotnet\sdk\7.0.304\Extensions\Microsoft.TestPlatform.Extensions.EventLogCollector.dll
C:\Program Files\dotnet\sdk\7.0.304\Extensions\Microsoft.TestPlatform.TestHostRuntimeProvider.dll
C:\Program Files\dotnet\sdk\7.0.304\Extensions\Microsoft.VisualStudio.TestPlatform.Extensions.Html.TestLogger.dll
C:\Program Files\dotnet\sdk\7.0.304\Extensions\Microsoft.VisualStudio.TestPlatform.Extensions.Trx.TestLogger.dll
TpTrace Information: 0 : 38688, 1, 2024/02/05, 23:37:36.428, 13262968378023, vstest.console.dll, AssemblyResolver.AddSearchDirectories: Adding more searchDirectories C:\Program Files\dotnet\sdk\7.0.304\Extensions,C:\Program Files\dotnet\sdk\7.0.304
TpTrace Information: 0 : 38688, 1, 2024/02/05, 23:37:36.428, 13262968378681, vstest.console.dll, AssemblyResolver.AddSearchDirectories: Adding more searchDirectories C:\Program Files\dotnet\sdk\7.0.304\Extensions,C:\Program Files\dotnet\sdk\7.0.304
TpTrace Information: 0 : 38688, 1, 2024/02/05, 23:37:36.429, 13262968378957, vstest.console.dll, AssemblyResolver.AddSearchDirectories: Adding more searchDirectories C:\Program Files\dotnet\sdk\7.0.304\Extensions,C:\Program Files\dotnet\sdk\7.0.304
TpTrace Information: 0 : 38688, 1, 2024/02/05, 23:37:36.429, 13262968379153, vstest.console.dll, AssemblyResolver.AddSearchDirectories: Adding more searchDirectories C:\Program Files\dotnet\sdk\7.0.304\Extensions,C:\Program Files\dotnet\sdk\7.0.304
TpTrace Information: 0 : 38688, 1, 2024/02/05, 23:37:36.429, 13262968379335, vstest.console.dll, AssemblyResolver.AddSearchDirectories: Adding more searchDirectories C:\Program Files\dotnet\sdk\7.0.304\Extensions,C:\Program Files\dotnet\sdk\7.0.304
TpTrace Information: 0 : 38688, 1, 2024/02/05, 23:37:36.429, 13262968379553, vstest.console.dll, AssemblyResolver.AddSearchDirectories: Adding more searchDirectories C:\Program Files\dotnet\sdk\7.0.304\Extensions,C:\Program Files\dotnet\sdk\7.0.304
TpTrace Information: 0 : 38688, 1, 2024/02/05, 23:37:36.429, 13262968382939, vstest.console.dll, AssemblyResolver.OnResolve: Microsoft.Diagnostics.NETCore.Client: Resolving assembly.
TpTrace Information: 0 : 38688, 1, 2024/02/05, 23:37:36.429, 13262968383811, vstest.console.dll, AssemblyResolver.OnResolve: Microsoft.Diagnostics.NETCore.Client: Searching in: 'C:\Program Files\dotnet\sdk\7.0.304\Extensions'.
TpTrace Information: 0 : 38688, 1, 2024/02/05, 23:37:36.436, 13262968449745, vstest.console.dll, AssemblyResolver.OnResolve: Microsoft.Diagnostics.NETCore.Client: Loading assembly 'C:\Program Files\dotnet\sdk\7.0.304\Extensions\Microsoft.Diagnostics.NETCore.Client.dll'.
TpTrace Information: 0 : 38688, 1, 2024/02/05, 23:37:36.437, 13262968459691, vstest.console.dll, AssemblyResolver.OnResolve: Resolved assembly: Microsoft.Diagnostics.NETCore.Client, from path: C:\Program Files\dotnet\sdk\7.0.304\Extensions\Microsoft.Diagnostics.NETCore.Client.dll
TpTrace Verbose: 0 : 38688, 1, 2024/02/05, 23:37:36.438, 13262968469823, vstest.console.dll, MetadataReaderExtensionsHelper: Discovering extensions inside assembly 'Microsoft.Diagnostics.NETCore.Client, Version=0.2.6.42401, Culture=neutral, PublicKeyToken=31bf3856ad364e35' file path 'C:\Program Files\dotnet\sdk\7.0.304\Extensions\Microsoft.Diagnostics.NETCore.Client.dll'
TpTrace Information: 0 : 38688, 1, 2024/02/05, 23:37:36.442, 13262968512984, vstest.console.dll, AssemblyResolver.OnResolve: Microsoft.Bcl.AsyncInterfaces: Resolving assembly.
TpTrace Information: 0 : 38688, 1, 2024/02/05, 23:37:36.442, 13262968514315, vstest.console.dll, AssemblyResolver.OnResolve: Microsoft.Bcl.AsyncInterfaces: Searching in: 'C:\Program Files\dotnet\sdk\7.0.304\Extensions'.
TpTrace Information: 0 : 38688, 1, 2024/02/05, 23:37:36.442, 13262968515240, vstest.console.dll, AssemblyResolver.OnResolve: Microsoft.Bcl.AsyncInterfaces: Assembly path does not exist: 'C:\Program Files\dotnet\sdk\7.0.304\Extensions\Microsoft.Bcl.AsyncInterfaces.dll', returning.
TpTrace Information: 0 : 38688, 1, 2024/02/05, 23:37:36.442, 13262968516294, vstest.console.dll, AssemblyResolver.OnResolve: Microsoft.Bcl.AsyncInterfaces: Assembly path does not exist: 'C:\Program Files\dotnet\sdk\7.0.304\Extensions\Microsoft.Bcl.AsyncInterfaces.exe', returning.
TpTrace Information: 0 : 38688, 1, 2024/02/05, 23:37:36.442, 13262968516534, vstest.console.dll, AssemblyResolver.OnResolve: Microsoft.Bcl.AsyncInterfaces: Searching in: 'C:\Program Files\dotnet\sdk\7.0.304'.
TpTrace Information: 0 : 38688, 1, 2024/02/05, 23:37:36.442, 13262968516987, vstest.console.dll, AssemblyResolver.OnResolve: Microsoft.Bcl.AsyncInterfaces: Assembly path does not exist: 'C:\Program Files\dotnet\sdk\7.0.304\Microsoft.Bcl.AsyncInterfaces.dll', returning.
TpTrace Information: 0 : 38688, 1, 2024/02/05, 23:37:36.442, 13262968517381, vstest.console.dll, AssemblyResolver.OnResolve: Microsoft.Bcl.AsyncInterfaces: Assembly path does not exist: 'C:\Program Files\dotnet\sdk\7.0.304\Microsoft.Bcl.AsyncInterfaces.exe', returning.
TpTrace Information: 0 : 38688, 1, 2024/02/05, 23:37:36.442, 13262968517619, vstest.console.dll, AssemblyResolver.OnResolve: Microsoft.Bcl.AsyncInterfaces: Failed to load assembly.
TpTrace Verbose: 0 : 38688, 1, 2024/02/05, 23:37:36.442, 13262968517868, vstest.console.dll, CurrentDomainAssemblyResolve: Resolving assembly 'Microsoft.Bcl.AsyncInterfaces'.
TpTrace Information: 0 : 38688, 1, 2024/02/05, 23:37:36.442, 13262968518329, vstest.console.dll, AssemblyResolver.OnResolve: Microsoft.Bcl.AsyncInterfaces: Resolving assembly.
TpTrace Information: 0 : 38688, 1, 2024/02/05, 23:37:36.442, 13262968518620, vstest.console.dll, AssemblyResolver.OnResolve: Microsoft.Bcl.AsyncInterfaces: Resolved from cache.
TpTrace Verbose: 0 : 38688, 1, 2024/02/05, 23:37:36.442, 13262968518796, vstest.console.dll, CurrentDomainAssemblyResolve: Resolving assembly 'Microsoft.Bcl.AsyncInterfaces'.
TpTrace Verbose: 0 : 38688, 1, 2024/02/05, 23:37:36.443, 13262968519097, vstest.console.dll, CurrentDomainAssemblyResolve: Failed to resolve assembly 'Microsoft.Bcl.AsyncInterfaces'.
TpTrace Verbose: 0 : 38688, 1, 2024/02/05, 23:37:36.443, 13262968525138, vstest.console.dll, CurrentDomainAssemblyResolve: Failed to resolve assembly 'Microsoft.Bcl.AsyncInterfaces'.
TpTrace Warning: 0 : 38688, 1, 2024/02/05, 23:37:36.449, 13262968587633, vstest.console.dll, TestPluginDiscoverer: Failed to get types from assembly 'Microsoft.Diagnostics.NETCore.Client, Version=0.2.6.42401, Culture=neutral, PublicKeyToken=31bf3856ad364e35'. Error: System.Reflection.ReflectionTypeLoadException: Unable to load one or more of the requested types.
Could not load file or assembly 'Microsoft.Bcl.AsyncInterfaces, Version=1.0.0.0, Culture=neutral, PublicKeyToken=cc7b13ffcd2ddd51'. Не удается найти указанный файл.
   at System.Reflection.RuntimeModule.GetTypes(RuntimeModule module)
   at System.Reflection.Assembly.GetTypes()
   at Microsoft.VisualStudio.TestPlatform.Common.ExtensionFramework.TestPluginDiscoverer.GetTestExtensionsFromAssembly[TPluginInfo,TExtension](Assembly assembly, Dictionary`2 pluginInfos, String filePath)
System.IO.FileNotFoundException: Could not load file or assembly 'Microsoft.Bcl.AsyncInterfaces, Version=1.0.0.0, Culture=neutral, PublicKeyToken=cc7b13ffcd2ddd51'. Не удается найти указанный файл.
File name: 'Microsoft.Bcl.AsyncInterfaces, Version=1.0.0.0, Culture=neutral, PublicKeyToken=cc7b13ffcd2ddd51'
 ---> System.IO.FileNotFoundException: Could not load file or assembly 'Microsoft.Bcl.AsyncInterfaces, Culture=neutral, PublicKeyToken=null'. Не удается найти указанный файл.
File name: 'Microsoft.Bcl.AsyncInterfaces, Culture=neutral, PublicKeyToken=null'
   at System.Reflection.RuntimeAssembly.InternalLoad(AssemblyName assemblyName, StackCrawlMark& stackMark, AssemblyLoadContext assemblyLoadContext, RuntimeAssembly requestingAssembly, Boolean throwOnFileNotFound)
   at System.Reflection.Assembly.Load(AssemblyName assemblyRef)
   at Microsoft.VisualStudio.TestPlatform.Common.ExtensionFramework.TestPluginCache.CurrentDomainAssemblyResolve(Object sender, AssemblyResolveEventArgs args)
   at System.Runtime.Loader.AssemblyLoadContext.GetFirstResolvedAssemblyFromResolvingEvent(AssemblyName assemblyName)
   at System.Runtime.Loader.AssemblyLoadContext.ResolveUsingEvent(AssemblyName assemblyName)
   at System.Runtime.Loader.AssemblyLoadContext.ResolveUsingResolvingEvent(IntPtr gchManagedAssemblyLoadContext, AssemblyName assemblyName)
TpTrace Warning: 0 : 38688, 1, 2024/02/05, 23:37:36.450, 13262968591340, vstest.console.dll, LoaderExceptions: System.IO.FileNotFoundException: Could not load file or assembly 'Microsoft.Bcl.AsyncInterfaces, Version=1.0.0.0, Culture=neutral, PublicKeyToken=cc7b13ffcd2ddd51'. Не удается найти указанный файл.
File name: 'Microsoft.Bcl.AsyncInterfaces, Version=1.0.0.0, Culture=neutral, PublicKeyToken=cc7b13ffcd2ddd51'
 ---> System.IO.FileNotFoundException: Could not load file or assembly 'Microsoft.Bcl.AsyncInterfaces, Culture=neutral, PublicKeyToken=null'. Не удается найти указанный файл.
File name: 'Microsoft.Bcl.AsyncInterfaces, Culture=neutral, PublicKeyToken=null'
   at System.Reflection.RuntimeAssembly.InternalLoad(AssemblyName assemblyName, StackCrawlMark& stackMark, AssemblyLoadContext assemblyLoadContext, RuntimeAssembly requestingAssembly, Boolean throwOnFileNotFound)
   at System.Reflection.Assembly.Load(AssemblyName assemblyRef)
   at Microsoft.VisualStudio.TestPlatform.Common.ExtensionFramework.TestPluginCache.CurrentDomainAssemblyResolve(Object sender, AssemblyResolveEventArgs args)
   at System.Runtime.Loader.AssemblyLoadContext.GetFirstResolvedAssemblyFromResolvingEvent(AssemblyName assemblyName)
   at System.Runtime.Loader.AssemblyLoadContext.ResolveUsingEvent(AssemblyName assemblyName)
   at System.Runtime.Loader.AssemblyLoadContext.ResolveUsingResolvingEvent(IntPtr gchManagedAssemblyLoadContext, AssemblyName assemblyName)
TpTrace Information: 0 : 38688, 1, 2024/02/05, 23:37:36.450, 13262968593046, vstest.console.dll, AssemblyResolver.OnResolve: Microsoft.TestPlatform.Extensions.BlameDataCollector: Resolving assembly.
TpTrace Information: 0 : 38688, 1, 2024/02/05, 23:37:36.450, 13262968593617, vstest.console.dll, AssemblyResolver.OnResolve: Microsoft.TestPlatform.Extensions.BlameDataCollector: Searching in: 'C:\Program Files\dotnet\sdk\7.0.304\Extensions'.
TpTrace Information: 0 : 38688, 1, 2024/02/05, 23:37:36.451, 13262968601122, vstest.console.dll, AssemblyResolver.OnResolve: Microsoft.TestPlatform.Extensions.BlameDataCollector: Loading assembly 'C:\Program Files\dotnet\sdk\7.0.304\Extensions\Microsoft.TestPlatform.Extensions.BlameDataCollector.dll'.
TpTrace Information: 0 : 38688, 1, 2024/02/05, 23:37:36.451, 13262968608893, vstest.console.dll, AssemblyResolver.OnResolve: Resolved assembly: Microsoft.TestPlatform.Extensions.BlameDataCollector, from path: C:\Program Files\dotnet\sdk\7.0.304\Extensions\Microsoft.TestPlatform.Extensions.BlameDataCollector.dll
TpTrace Verbose: 0 : 38688, 1, 2024/02/05, 23:37:36.452, 13262968610122, vstest.console.dll, MetadataReaderExtensionsHelper: Discovering extensions inside assembly 'Microsoft.TestPlatform.Extensions.BlameDataCollector, Version=15.0.0.0, Culture=neutral, PublicKeyToken=b03f5f7f11d50a3a' file path 'C:\Program Files\dotnet\sdk\7.0.304\Extensions\Microsoft.TestPlatform.Extensions.BlameDataCollector.dll'
TpTrace Information: 0 : 38688, 1, 2024/02/05, 23:37:36.453, 13262968625393, vstest.console.dll, AssemblyResolver.OnResolve: Microsoft.TestPlatform.Extensions.EventLogCollector: Resolving assembly.
TpTrace Information: 0 : 38688, 1, 2024/02/05, 23:37:36.453, 13262968626492, vstest.console.dll, AssemblyResolver.OnResolve: Microsoft.TestPlatform.Extensions.EventLogCollector: Searching in: 'C:\Program Files\dotnet\sdk\7.0.304\Extensions'.
TpTrace Information: 0 : 38688, 1, 2024/02/05, 23:37:36.454, 13262968631356, vstest.console.dll, AssemblyResolver.OnResolve: Microsoft.TestPlatform.Extensions.EventLogCollector: Loading assembly 'C:\Program Files\dotnet\sdk\7.0.304\Extensions\Microsoft.TestPlatform.Extensions.EventLogCollector.dll'.
TpTrace Information: 0 : 38688, 1, 2024/02/05, 23:37:36.454, 13262968636018, vstest.console.dll, AssemblyResolver.OnResolve: Resolved assembly: Microsoft.TestPlatform.Extensions.EventLogCollector, from path: C:\Program Files\dotnet\sdk\7.0.304\Extensions\Microsoft.TestPlatform.Extensions.EventLogCollector.dll
TpTrace Verbose: 0 : 38688, 1, 2024/02/05, 23:37:36.454, 13262968636719, vstest.console.dll, MetadataReaderExtensionsHelper: Discovering extensions inside assembly 'Microsoft.TestPlatform.Extensions.EventLogCollector, Version=15.0.0.0, Culture=neutral, PublicKeyToken=b03f5f7f11d50a3a' file path 'C:\Program Files\dotnet\sdk\7.0.304\Extensions\Microsoft.TestPlatform.Extensions.EventLogCollector.dll'
TpTrace Information: 0 : 38688, 1, 2024/02/05, 23:37:36.457, 13262968661172, vstest.console.dll, AssemblyResolver.OnResolve: Microsoft.TestPlatform.TestHostRuntimeProvider: Resolving assembly.
TpTrace Information: 0 : 38688, 1, 2024/02/05, 23:37:36.457, 13262968662329, vstest.console.dll, AssemblyResolver.OnResolve: Microsoft.TestPlatform.TestHostRuntimeProvider: Searching in: 'C:\Program Files\dotnet\sdk\7.0.304\Extensions'.
TpTrace Information: 0 : 38688, 1, 2024/02/05, 23:37:36.457, 13262968666553, vstest.console.dll, AssemblyResolver.OnResolve: Microsoft.TestPlatform.TestHostRuntimeProvider: Loading assembly 'C:\Program Files\dotnet\sdk\7.0.304\Extensions\Microsoft.TestPlatform.TestHostRuntimeProvider.dll'.
TpTrace Information: 0 : 38688, 1, 2024/02/05, 23:37:36.458, 13262968671024, vstest.console.dll, AssemblyResolver.OnResolve: Resolved assembly: Microsoft.TestPlatform.TestHostRuntimeProvider, from path: C:\Program Files\dotnet\sdk\7.0.304\Extensions\Microsoft.TestPlatform.TestHostRuntimeProvider.dll
TpTrace Verbose: 0 : 38688, 1, 2024/02/05, 23:37:36.458, 13262968671689, vstest.console.dll, MetadataReaderExtensionsHelper: Discovering extensions inside assembly 'Microsoft.TestPlatform.TestHostRuntimeProvider, Version=15.0.0.0, Culture=neutral, PublicKeyToken=b03f5f7f11d50a3a' file path 'C:\Program Files\dotnet\sdk\7.0.304\Extensions\Microsoft.TestPlatform.TestHostRuntimeProvider.dll'
TpTrace Information: 0 : 38688, 1, 2024/02/05, 23:37:36.459, 13262968688897, vstest.console.dll, GetTestExtensionFromType: Register extension with identifier data 'HostProvider://DefaultTestHost' and type 'Microsoft.VisualStudio.TestPlatform.CrossPlatEngine.Hosting.DefaultTestHostManager, Microsoft.TestPlatform.TestHostRuntimeProvider, Version=15.0.0.0, Culture=neutral, PublicKeyToken=b03f5f7f11d50a3a' inside file 'C:\Program Files\dotnet\sdk\7.0.304\Extensions\Microsoft.TestPlatform.TestHostRuntimeProvider.dll'
TpTrace Information: 0 : 38688, 1, 2024/02/05, 23:37:36.460, 13262968692424, vstest.console.dll, GetTestExtensionFromType: Register extension with identifier data 'HostProvider://DotnetTestHost' and type 'Microsoft.VisualStudio.TestPlatform.CrossPlatEngine.Hosting.DotnetTestHostManager, Microsoft.TestPlatform.TestHostRuntimeProvider, Version=15.0.0.0, Culture=neutral, PublicKeyToken=b03f5f7f11d50a3a' inside file 'C:\Program Files\dotnet\sdk\7.0.304\Extensions\Microsoft.TestPlatform.TestHostRuntimeProvider.dll'
TpTrace Information: 0 : 38688, 1, 2024/02/05, 23:37:36.460, 13262968693530, vstest.console.dll, AssemblyResolver.OnResolve: Microsoft.VisualStudio.TestPlatform.Extensions.Html.TestLogger: Resolving assembly.
TpTrace Information: 0 : 38688, 1, 2024/02/05, 23:37:36.460, 13262968693987, vstest.console.dll, AssemblyResolver.OnResolve: Microsoft.VisualStudio.TestPlatform.Extensions.Html.TestLogger: Searching in: 'C:\Program Files\dotnet\sdk\7.0.304\Extensions'.
TpTrace Information: 0 : 38688, 1, 2024/02/05, 23:37:36.461, 13262968699606, vstest.console.dll, AssemblyResolver.OnResolve: Microsoft.VisualStudio.TestPlatform.Extensions.Html.TestLogger: Loading assembly 'C:\Program Files\dotnet\sdk\7.0.304\Extensions\Microsoft.VisualStudio.TestPlatform.Extensions.Html.TestLogger.dll'.
TpTrace Information: 0 : 38688, 1, 2024/02/05, 23:37:36.461, 13262968706425, vstest.console.dll, AssemblyResolver.OnResolve: Resolved assembly: Microsoft.VisualStudio.TestPlatform.Extensions.Html.TestLogger, from path: C:\Program Files\dotnet\sdk\7.0.304\Extensions\Microsoft.VisualStudio.TestPlatform.Extensions.Html.TestLogger.dll
TpTrace Verbose: 0 : 38688, 1, 2024/02/05, 23:37:36.461, 13262968707630, vstest.console.dll, MetadataReaderExtensionsHelper: Discovering extensions inside assembly 'Microsoft.VisualStudio.TestPlatform.Extensions.Html.TestLogger, Version=15.0.0.0, Culture=neutral, PublicKeyToken=b03f5f7f11d50a3a' file path 'C:\Program Files\dotnet\sdk\7.0.304\Extensions\Microsoft.VisualStudio.TestPlatform.Extensions.Html.TestLogger.dll'
TpTrace Information: 0 : 38688, 1, 2024/02/05, 23:37:36.463, 13262968719774, vstest.console.dll, AssemblyResolver.OnResolve: Microsoft.VisualStudio.TestPlatform.Extensions.Trx.TestLogger: Resolving assembly.
TpTrace Information: 0 : 38688, 1, 2024/02/05, 23:37:36.463, 13262968720943, vstest.console.dll, AssemblyResolver.OnResolve: Microsoft.VisualStudio.TestPlatform.Extensions.Trx.TestLogger: Searching in: 'C:\Program Files\dotnet\sdk\7.0.304\Extensions'.
TpTrace Information: 0 : 38688, 1, 2024/02/05, 23:37:36.463, 13262968726048, vstest.console.dll, AssemblyResolver.OnResolve: Microsoft.VisualStudio.TestPlatform.Extensions.Trx.TestLogger: Loading assembly 'C:\Program Files\dotnet\sdk\7.0.304\Extensions\Microsoft.VisualStudio.TestPlatform.Extensions.Trx.TestLogger.dll'.
TpTrace Information: 0 : 38688, 1, 2024/02/05, 23:37:36.464, 13262968731204, vstest.console.dll, AssemblyResolver.OnResolve: Resolved assembly: Microsoft.VisualStudio.TestPlatform.Extensions.Trx.TestLogger, from path: C:\Program Files\dotnet\sdk\7.0.304\Extensions\Microsoft.VisualStudio.TestPlatform.Extensions.Trx.TestLogger.dll
TpTrace Verbose: 0 : 38688, 1, 2024/02/05, 23:37:36.464, 13262968731816, vstest.console.dll, MetadataReaderExtensionsHelper: Discovering extensions inside assembly 'Microsoft.VisualStudio.TestPlatform.Extensions.Trx.TestLogger, Version=15.0.0.0, Culture=neutral, PublicKeyToken=b03f5f7f11d50a3a' file path 'C:\Program Files\dotnet\sdk\7.0.304\Extensions\Microsoft.VisualStudio.TestPlatform.Extensions.Trx.TestLogger.dll'
TpTrace Verbose: 0 : 38688, 1, 2024/02/05, 23:37:36.465, 13262968742985, vstest.console.dll, TestPluginCache: Discovered the extensions using extension path ''.
TpTrace Verbose: 0 : 38688, 1, 2024/02/05, 23:37:36.465, 13262968743962, vstest.console.dll, TestPluginCache: Discoverers are ''.
TpTrace Verbose: 0 : 38688, 1, 2024/02/05, 23:37:36.465, 13262968744152, vstest.console.dll, TestPluginCache: Executors are ''.
TpTrace Verbose: 0 : 38688, 1, 2024/02/05, 23:37:36.465, 13262968744316, vstest.console.dll, TestPluginCache: Executors2 are ''.
TpTrace Verbose: 0 : 38688, 1, 2024/02/05, 23:37:36.465, 13262968744474, vstest.console.dll, TestPluginCache: Setting providers are ''.
TpTrace Verbose: 0 : 38688, 1, 2024/02/05, 23:37:36.465, 13262968744634, vstest.console.dll, TestPluginCache: Loggers are ''.
TpTrace Verbose: 0 : 38688, 1, 2024/02/05, 23:37:36.465, 13262968745620, vstest.console.dll, TestPluginCache: TestHosts are 'HostProvider://DefaultTestHost,HostProvider://DotnetTestHost'.
TpTrace Verbose: 0 : 38688, 1, 2024/02/05, 23:37:36.465, 13262968745868, vstest.console.dll, TestPluginCache: DataCollectors are ''.
TpTrace Information: 0 : 38688, 1, 2024/02/05, 23:37:36.474, 13262968837079, vstest.console.dll, RunTestsArgumentProcessor:Execute: Test run is starting.
TpTrace Verbose: 0 : 38688, 1, 2024/02/05, 23:37:36.474, 13262968838122, vstest.console.dll, RunTestsArgumentProcessor:Execute: Queuing Test run.
TpTrace Information: 0 : 38688, 1, 2024/02/05, 23:37:36.475, 13262968840149, vstest.console.dll, TestRequestManager.RunTests: run tests started.
TpTrace Information: 0 : 38688, 1, 2024/02/05, 23:37:36.476, 13262968851850, vstest.console.dll, AssemblyMetadataProvider.GetFrameworkName: Determined framework:'.NETCoreApp,Version=v6.0' for source: 'H:\GameDev\GameColorChess\ColorChess\UnitTestColorChess\bin\Debug\net6.0\fine-code-coverage\build-output\UnitTestColorChess.dll'
TpTrace Information: 0 : 38688, 1, 2024/02/05, 23:37:36.476, 13262968853726, vstest.console.dll, Determined framework for all sources: .NETCoreApp,Version=v6.0
TpTrace Verbose: 0 : 38688, 1, 2024/02/05, 23:37:36.476, 13262968857198, vstest.console.dll, TestRequestManager.UpdateRunSettingsIfRequired: Default architecture: X64 IsDefaultTargetArchitecture: True, Current process architecture: X64 OperatingSystem: Windows.
TpTrace Information: 0 : 38688, 1, 2024/02/05, 23:37:36.478, 13262968873227, vstest.console.dll, AssemblyMetadataProvider.GetArchitecture: Determined architecture:AnyCPU info for assembly: H:\GameDev\GameColorChess\ColorChess\UnitTestColorChess\bin\Debug\net6.0\fine-code-coverage\build-output\UnitTestColorChess.dll
TpTrace Information: 0 : 38688, 1, 2024/02/05, 23:37:36.478, 13262968874569, vstest.console.dll, Determined platform for source 'H:\GameDev\GameColorChess\ColorChess\UnitTestColorChess\bin\Debug\net6.0\fine-code-coverage\build-output\UnitTestColorChess.dll' was AnyCPU and it will use the default plaform X64.
TpTrace Information: 0 : 38688, 1, 2024/02/05, 23:37:36.478, 13262968875100, vstest.console.dll, None of the sources provided any runnable platform, using the default platform: X64
TpTrace Information: 0 : 38688, 1, 2024/02/05, 23:37:36.478, 13262968876935, vstest.console.dll, Platform was updated to 'X64'.
TpTrace Information: 0 : 38688, 1, 2024/02/05, 23:37:36.481, 13262968908483, vstest.console.dll, InferRunSettingsHelper.IsTestSettingsEnabled: Unable to navigate to RunSettings/MSTest. Current node: RunSettings
TpTrace Information: 0 : 38688, 1, 2024/02/05, 23:37:36.482, 13262968915239, vstest.console.dll, AssemblyResolver.OnResolve: Microsoft.VisualStudio.TestPlatform.Fakes: Resolving assembly.
TpTrace Information: 0 : 38688, 1, 2024/02/05, 23:37:36.482, 13262968916331, vstest.console.dll, AssemblyResolver.OnResolve: Microsoft.VisualStudio.TestPlatform.Fakes: Searching in: 'C:\Program Files\dotnet\sdk\7.0.304\Extensions'.
TpTrace Information: 0 : 38688, 1, 2024/02/05, 23:37:36.482, 13262968917383, vstest.console.dll, AssemblyResolver.OnResolve: Microsoft.VisualStudio.TestPlatform.Fakes: Assembly path does not exist: 'C:\Program Files\dotnet\sdk\7.0.304\Extensions\Microsoft.VisualStudio.TestPlatform.Fakes.dll', returning.
TpTrace Information: 0 : 38688, 1, 2024/02/05, 23:37:36.482, 13262968917850, vstest.console.dll, AssemblyResolver.OnResolve: Microsoft.VisualStudio.TestPlatform.Fakes: Assembly path does not exist: 'C:\Program Files\dotnet\sdk\7.0.304\Extensions\Microsoft.VisualStudio.TestPlatform.Fakes.exe', returning.
TpTrace Information: 0 : 38688, 1, 2024/02/05, 23:37:36.482, 13262968918050, vstest.console.dll, AssemblyResolver.OnResolve: Microsoft.VisualStudio.TestPlatform.Fakes: Searching in: 'C:\Program Files\dotnet\sdk\7.0.304'.
TpTrace Information: 0 : 38688, 1, 2024/02/05, 23:37:36.482, 13262968918530, vstest.console.dll, AssemblyResolver.OnResolve: Microsoft.VisualStudio.TestPlatform.Fakes: Assembly path does not exist: 'C:\Program Files\dotnet\sdk\7.0.304\Microsoft.VisualStudio.TestPlatform.Fakes.dll', returning.
TpTrace Information: 0 : 38688, 1, 2024/02/05, 23:37:36.483, 13262968919041, vstest.console.dll, AssemblyResolver.OnResolve: Microsoft.VisualStudio.TestPlatform.Fakes: Assembly path does not exist: 'C:\Program Files\dotnet\sdk\7.0.304\Microsoft.VisualStudio.TestPlatform.Fakes.exe', returning.
TpTrace Information: 0 : 38688, 1, 2024/02/05, 23:37:36.483, 13262968919241, vstest.console.dll, AssemblyResolver.OnResolve: Microsoft.VisualStudio.TestPlatform.Fakes: Failed to load assembly.
TpTrace Information: 0 : 38688, 1, 2024/02/05, 23:37:36.483, 13262968921370, vstest.console.dll, Failed to load assembly Microsoft.VisualStudio.TestPlatform.Fakes, Version=17.0.0.0, Culture=neutral. Reason:System.IO.FileNotFoundException: Could not load file or assembly 'Microsoft.VisualStudio.TestPlatform.Fakes, Version=17.0.0.0, Culture=neutral, PublicKeyToken=null'. Не удается найти указанный файл.
File name: 'Microsoft.VisualStudio.TestPlatform.Fakes, Version=17.0.0.0, Culture=neutral, PublicKeyToken=null'
   at System.Reflection.RuntimeAssembly.InternalLoad(AssemblyName assemblyName, StackCrawlMark& stackMark, AssemblyLoadContext assemblyLoadContext, RuntimeAssembly requestingAssembly, Boolean throwOnFileNotFound)
   at System.Reflection.Assembly.Load(AssemblyName assemblyRef)
   at Microsoft.VisualStudio.TestPlatform.Common.Utilities.FakesUtilities.LoadTestPlatformAssembly()
TpTrace Verbose: 0 : 38688, 1, 2024/02/05, 23:37:36.486, 13262968952681, vstest.console.dll, TestPluginCache.DiscoverTestExtensions: finding test extensions in assemblies ends with: TestLogger.dll TPluginInfo: Microsoft.VisualStudio.TestPlatform.Common.ExtensionFramework.Utilities.TestLoggerPluginInformation TExtension: Microsoft.VisualStudio.TestPlatform.ObjectModel.Client.ITestLogger
TpTrace Verbose: 0 : 38688, 1, 2024/02/05, 23:37:36.486, 13262968953901, vstest.console.dll, TestPluginCache.GetExtensionPaths: Filtered extension paths: 
TpTrace Verbose: 0 : 38688, 1, 2024/02/05, 23:37:36.486, 13262968954157, vstest.console.dll, TestPluginCache.GetExtensionPaths: Added default extension paths: C:\Program Files\dotnet\sdk\7.0.304\Extensions\Microsoft.Diagnostics.NETCore.Client.dll
C:\Program Files\dotnet\sdk\7.0.304\Extensions\Microsoft.TestPlatform.Extensions.BlameDataCollector.dll
C:\Program Files\dotnet\sdk\7.0.304\Extensions\Microsoft.TestPlatform.Extensions.EventLogCollector.dll
C:\Program Files\dotnet\sdk\7.0.304\Extensions\Microsoft.TestPlatform.TestHostRuntimeProvider.dll
C:\Program Files\dotnet\sdk\7.0.304\Extensions\Microsoft.VisualStudio.TestPlatform.Extensions.Html.TestLogger.dll
C:\Program Files\dotnet\sdk\7.0.304\Extensions\Microsoft.VisualStudio.TestPlatform.Extensions.Trx.TestLogger.dll
TpTrace Verbose: 0 : 38688, 1, 2024/02/05, 23:37:36.486, 13262968954378, vstest.console.dll, TestPluginCache.GetExtensionPaths: Added unfilterableExtensionPaths: 
TpTrace Information: 0 : 38688, 1, 2024/02/05, 23:37:36.486, 13262968955768, vstest.console.dll, AssemblyResolver.AddSearchDirectories: Adding more searchDirectories C:\Program Files\dotnet\sdk\7.0.304\Extensions,C:\Program Files\dotnet\sdk\7.0.304
TpTrace Verbose: 0 : 38688, 1, 2024/02/05, 23:37:36.486, 13262968956093, vstest.console.dll, TestPluginCache.DiscoverTestExtensions: Discovering the extensions using extension path.
TpTrace Verbose: 0 : 38688, 1, 2024/02/05, 23:37:36.486, 13262968956321, vstest.console.dll, TestPluginCache.GetExtensionPaths: Filtered extension paths: 
TpTrace Verbose: 0 : 38688, 1, 2024/02/05, 23:37:36.486, 13262968956545, vstest.console.dll, TestPluginCache.GetExtensionPaths: Added default extension paths: C:\Program Files\dotnet\sdk\7.0.304\Extensions\Microsoft.Diagnostics.NETCore.Client.dll
C:\Program Files\dotnet\sdk\7.0.304\Extensions\Microsoft.TestPlatform.Extensions.BlameDataCollector.dll
C:\Program Files\dotnet\sdk\7.0.304\Extensions\Microsoft.TestPlatform.Extensions.EventLogCollector.dll
C:\Program Files\dotnet\sdk\7.0.304\Extensions\Microsoft.TestPlatform.TestHostRuntimeProvider.dll
C:\Program Files\dotnet\sdk\7.0.304\Extensions\Microsoft.VisualStudio.TestPlatform.Extensions.Html.TestLogger.dll
C:\Program Files\dotnet\sdk\7.0.304\Extensions\Microsoft.VisualStudio.TestPlatform.Extensions.Trx.TestLogger.dll
TpTrace Verbose: 0 : 38688, 1, 2024/02/05, 23:37:36.486, 13262968956731, vstest.console.dll, TestPluginCache.GetExtensionPaths: Added unfilterableExtensionPaths: 
TpTrace Verbose: 0 : 38688, 1, 2024/02/05, 23:37:36.486, 13262968956951, vstest.console.dll, TestPluginCache.DiscoverTestExtensions: Discovering the extensions using allExtensionPaths: C:\Program Files\dotnet\sdk\7.0.304\Extensions\Microsoft.Diagnostics.NETCore.Client.dll
C:\Program Files\dotnet\sdk\7.0.304\Extensions\Microsoft.TestPlatform.Extensions.BlameDataCollector.dll
C:\Program Files\dotnet\sdk\7.0.304\Extensions\Microsoft.TestPlatform.Extensions.EventLogCollector.dll
C:\Program Files\dotnet\sdk\7.0.304\Extensions\Microsoft.TestPlatform.TestHostRuntimeProvider.dll
C:\Program Files\dotnet\sdk\7.0.304\Extensions\Microsoft.VisualStudio.TestPlatform.Extensions.Html.TestLogger.dll
C:\Program Files\dotnet\sdk\7.0.304\Extensions\Microsoft.VisualStudio.TestPlatform.Extensions.Trx.TestLogger.dll
TpTrace Information: 0 : 38688, 1, 2024/02/05, 23:37:36.486, 13262968957821, vstest.console.dll, AssemblyResolver.AddSearchDirectories: Adding more searchDirectories C:\Program Files\dotnet\sdk\7.0.304\Extensions,C:\Program Files\dotnet\sdk\7.0.304
TpTrace Information: 0 : 38688, 1, 2024/02/05, 23:37:36.486, 13262968958112, vstest.console.dll, AssemblyResolver.AddSearchDirectories: Adding more searchDirectories C:\Program Files\dotnet\sdk\7.0.304\Extensions,C:\Program Files\dotnet\sdk\7.0.304
TpTrace Information: 0 : 38688, 1, 2024/02/05, 23:37:36.486, 13262968958303, vstest.console.dll, AssemblyResolver.AddSearchDirectories: Adding more searchDirectories C:\Program Files\dotnet\sdk\7.0.304\Extensions,C:\Program Files\dotnet\sdk\7.0.304
TpTrace Information: 0 : 38688, 1, 2024/02/05, 23:37:36.486, 13262968958486, vstest.console.dll, AssemblyResolver.AddSearchDirectories: Adding more searchDirectories C:\Program Files\dotnet\sdk\7.0.304\Extensions,C:\Program Files\dotnet\sdk\7.0.304
TpTrace Information: 0 : 38688, 1, 2024/02/05, 23:37:36.486, 13262968958702, vstest.console.dll, AssemblyResolver.AddSearchDirectories: Adding more searchDirectories C:\Program Files\dotnet\sdk\7.0.304\Extensions,C:\Program Files\dotnet\sdk\7.0.304
TpTrace Information: 0 : 38688, 1, 2024/02/05, 23:37:36.486, 13262968958890, vstest.console.dll, AssemblyResolver.AddSearchDirectories: Adding more searchDirectories C:\Program Files\dotnet\sdk\7.0.304\Extensions,C:\Program Files\dotnet\sdk\7.0.304
TpTrace Verbose: 0 : 38688, 1, 2024/02/05, 23:37:36.487, 13262968959810, vstest.console.dll, MetadataReaderExtensionsHelper: Discovering extensions inside assembly 'Microsoft.Diagnostics.NETCore.Client, Version=0.2.6.42401, Culture=neutral, PublicKeyToken=31bf3856ad364e35' file path 'C:\Program Files\dotnet\sdk\7.0.304\Extensions\Microsoft.Diagnostics.NETCore.Client.dll'
TpTrace Information: 0 : 38688, 1, 2024/02/05, 23:37:36.488, 13262968969100, vstest.console.dll, AssemblyResolver.OnResolve: Microsoft.Bcl.AsyncInterfaces: Resolving assembly.
TpTrace Information: 0 : 38688, 1, 2024/02/05, 23:37:36.488, 13262968969977, vstest.console.dll, AssemblyResolver.OnResolve: Microsoft.Bcl.AsyncInterfaces: Resolved from cache.
TpTrace Verbose: 0 : 38688, 1, 2024/02/05, 23:37:36.488, 13262968970184, vstest.console.dll, CurrentDomainAssemblyResolve: Resolving assembly 'Microsoft.Bcl.AsyncInterfaces'.
TpTrace Information: 0 : 38688, 1, 2024/02/05, 23:37:36.488, 13262968970573, vstest.console.dll, AssemblyResolver.OnResolve: Microsoft.Bcl.AsyncInterfaces: Resolving assembly.
TpTrace Information: 0 : 38688, 1, 2024/02/05, 23:37:36.488, 13262968970771, vstest.console.dll, AssemblyResolver.OnResolve: Microsoft.Bcl.AsyncInterfaces: Resolved from cache.
TpTrace Verbose: 0 : 38688, 1, 2024/02/05, 23:37:36.488, 13262968970980, vstest.console.dll, CurrentDomainAssemblyResolve: Resolving assembly 'Microsoft.Bcl.AsyncInterfaces'.
TpTrace Verbose: 0 : 38688, 1, 2024/02/05, 23:37:36.488, 13262968971151, vstest.console.dll, CurrentDomainAssemblyResolve: Failed to resolve assembly 'Microsoft.Bcl.AsyncInterfaces'.
TpTrace Verbose: 0 : 38688, 1, 2024/02/05, 23:37:36.488, 13262968972484, vstest.console.dll, CurrentDomainAssemblyResolve: Failed to resolve assembly 'Microsoft.Bcl.AsyncInterfaces'.
TpTrace Warning: 0 : 38688, 1, 2024/02/05, 23:37:36.488, 13262968975432, vstest.console.dll, TestPluginDiscoverer: Failed to get types from assembly 'Microsoft.Diagnostics.NETCore.Client, Version=0.2.6.42401, Culture=neutral, PublicKeyToken=31bf3856ad364e35'. Error: System.Reflection.ReflectionTypeLoadException: Unable to load one or more of the requested types.
Could not load file or assembly 'Microsoft.Bcl.AsyncInterfaces, Version=1.0.0.0, Culture=neutral, PublicKeyToken=cc7b13ffcd2ddd51'. Не удается найти указанный файл.
   at System.Reflection.RuntimeModule.GetTypes(RuntimeModule module)
   at System.Reflection.Assembly.GetTypes()
   at Microsoft.VisualStudio.TestPlatform.Common.ExtensionFramework.TestPluginDiscoverer.GetTestExtensionsFromAssembly[TPluginInfo,TExtension](Assembly assembly, Dictionary`2 pluginInfos, String filePath)
System.IO.FileNotFoundException: Could not load file or assembly 'Microsoft.Bcl.AsyncInterfaces, Version=1.0.0.0, Culture=neutral, PublicKeyToken=cc7b13ffcd2ddd51'. Не удается найти указанный файл.
File name: 'Microsoft.Bcl.AsyncInterfaces, Version=1.0.0.0, Culture=neutral, PublicKeyToken=cc7b13ffcd2ddd51'
 ---> System.IO.FileNotFoundException: Could not load file or assembly 'Microsoft.Bcl.AsyncInterfaces, Culture=neutral, PublicKeyToken=null'. Не удается найти указанный файл.
File name: 'Microsoft.Bcl.AsyncInterfaces, Culture=neutral, PublicKeyToken=null'
   at System.Reflection.RuntimeAssembly.InternalLoad(AssemblyName assemblyName, StackCrawlMark& stackMark, AssemblyLoadContext assemblyLoadContext, RuntimeAssembly requestingAssembly, Boolean throwOnFileNotFound)
   at System.Reflection.Assembly.Load(AssemblyName assemblyRef)
   at Microsoft.VisualStudio.TestPlatform.Common.ExtensionFramework.TestPluginCache.CurrentDomainAssemblyResolve(Object sender, AssemblyResolveEventArgs args)
   at System.Runtime.Loader.AssemblyLoadContext.GetFirstResolvedAssemblyFromResolvingEvent(AssemblyName assemblyName)
   at System.Runtime.Loader.AssemblyLoadContext.ResolveUsingEvent(AssemblyName assemblyName)
   at System.Runtime.Loader.AssemblyLoadContext.ResolveUsingResolvingEvent(IntPtr gchManagedAssemblyLoadContext, AssemblyName assemblyName)
TpTrace Warning: 0 : 38688, 1, 2024/02/05, 23:37:36.488, 13262968976838, vstest.console.dll, LoaderExceptions: System.IO.FileNotFoundException: Could not load file or assembly 'Microsoft.Bcl.AsyncInterfaces, Version=1.0.0.0, Culture=neutral, PublicKeyToken=cc7b13ffcd2ddd51'. Не удается найти указанный файл.
File name: 'Microsoft.Bcl.AsyncInterfaces, Version=1.0.0.0, Culture=neutral, PublicKeyToken=cc7b13ffcd2ddd51'
 ---> System.IO.FileNotFoundException: Could not load file or assembly 'Microsoft.Bcl.AsyncInterfaces, Culture=neutral, PublicKeyToken=null'. Не удается найти указанный файл.
File name: 'Microsoft.Bcl.AsyncInterfaces, Culture=neutral, PublicKeyToken=null'
   at System.Reflection.RuntimeAssembly.InternalLoad(AssemblyName assemblyName, StackCrawlMark& stackMark, AssemblyLoadContext assemblyLoadContext, RuntimeAssembly requestingAssembly, Boolean throwOnFileNotFound)
   at System.Reflection.Assembly.Load(AssemblyName assemblyRef)
   at Microsoft.VisualStudio.TestPlatform.Common.ExtensionFramework.TestPluginCache.CurrentDomainAssemblyResolve(Object sender, AssemblyResolveEventArgs args)
   at System.Runtime.Loader.AssemblyLoadContext.GetFirstResolvedAssemblyFromResolvingEvent(AssemblyName assemblyName)
   at System.Runtime.Loader.AssemblyLoadContext.ResolveUsingEvent(AssemblyName assemblyName)
   at System.Runtime.Loader.AssemblyLoadContext.ResolveUsingResolvingEvent(IntPtr gchManagedAssemblyLoadContext, AssemblyName assemblyName)
TpTrace Verbose: 0 : 38688, 1, 2024/02/05, 23:37:36.488, 13262968977550, vstest.console.dll, MetadataReaderExtensionsHelper: Discovering extensions inside assembly 'Microsoft.TestPlatform.Extensions.BlameDataCollector, Version=15.0.0.0, Culture=neutral, PublicKeyToken=b03f5f7f11d50a3a' file path 'C:\Program Files\dotnet\sdk\7.0.304\Extensions\Microsoft.TestPlatform.Extensions.BlameDataCollector.dll'
TpTrace Information: 0 : 38688, 1, 2024/02/05, 23:37:36.489, 13262968984366, vstest.console.dll, GetTestExtensionFromType: Register extension with identifier data 'logger://Microsoft/TestPlatform/Extensions/Blame/v1' and type 'Microsoft.TestPlatform.Extensions.BlameDataCollector.BlameLogger, Microsoft.TestPlatform.Extensions.BlameDataCollector, Version=15.0.0.0, Culture=neutral, PublicKeyToken=b03f5f7f11d50a3a' inside file 'C:\Program Files\dotnet\sdk\7.0.304\Extensions\Microsoft.TestPlatform.Extensions.BlameDataCollector.dll'
TpTrace Verbose: 0 : 38688, 1, 2024/02/05, 23:37:36.489, 13262968985437, vstest.console.dll, MetadataReaderExtensionsHelper: Discovering extensions inside assembly 'Microsoft.TestPlatform.Extensions.EventLogCollector, Version=15.0.0.0, Culture=neutral, PublicKeyToken=b03f5f7f11d50a3a' file path 'C:\Program Files\dotnet\sdk\7.0.304\Extensions\Microsoft.TestPlatform.Extensions.EventLogCollector.dll'
TpTrace Verbose: 0 : 38688, 1, 2024/02/05, 23:37:36.490, 13262968990075, vstest.console.dll, MetadataReaderExtensionsHelper: Discovering extensions inside assembly 'Microsoft.TestPlatform.TestHostRuntimeProvider, Version=15.0.0.0, Culture=neutral, PublicKeyToken=b03f5f7f11d50a3a' file path 'C:\Program Files\dotnet\sdk\7.0.304\Extensions\Microsoft.TestPlatform.TestHostRuntimeProvider.dll'
TpTrace Verbose: 0 : 38688, 1, 2024/02/05, 23:37:36.490, 13262968993945, vstest.console.dll, MetadataReaderExtensionsHelper: Discovering extensions inside assembly 'Microsoft.VisualStudio.TestPlatform.Extensions.Html.TestLogger, Version=15.0.0.0, Culture=neutral, PublicKeyToken=b03f5f7f11d50a3a' file path 'C:\Program Files\dotnet\sdk\7.0.304\Extensions\Microsoft.VisualStudio.TestPlatform.Extensions.Html.TestLogger.dll'
TpTrace Information: 0 : 38688, 1, 2024/02/05, 23:37:36.491, 13262969000482, vstest.console.dll, GetTestExtensionFromType: Register extension with identifier data 'logger://Microsoft/TestPlatform/HtmlLogger/v1' and type 'Microsoft.VisualStudio.TestPlatform.Extensions.HtmlLogger.HtmlLogger, Microsoft.VisualStudio.TestPlatform.Extensions.Html.TestLogger, Version=15.0.0.0, Culture=neutral, PublicKeyToken=b03f5f7f11d50a3a' inside file 'C:\Program Files\dotnet\sdk\7.0.304\Extensions\Microsoft.VisualStudio.TestPlatform.Extensions.Html.TestLogger.dll'
TpTrace Verbose: 0 : 38688, 1, 2024/02/05, 23:37:36.491, 13262969001484, vstest.console.dll, MetadataReaderExtensionsHelper: Discovering extensions inside assembly 'Microsoft.VisualStudio.TestPlatform.Extensions.Trx.TestLogger, Version=15.0.0.0, Culture=neutral, PublicKeyToken=b03f5f7f11d50a3a' file path 'C:\Program Files\dotnet\sdk\7.0.304\Extensions\Microsoft.VisualStudio.TestPlatform.Extensions.Trx.TestLogger.dll'
TpTrace Information: 0 : 38688, 1, 2024/02/05, 23:37:36.491, 13262969007821, vstest.console.dll, GetTestExtensionFromType: Register extension with identifier data 'logger://Microsoft/TestPlatform/TrxLogger/v1' and type 'Microsoft.VisualStudio.TestPlatform.Extensions.TrxLogger.TrxLogger, Microsoft.VisualStudio.TestPlatform.Extensions.Trx.TestLogger, Version=15.0.0.0, Culture=neutral, PublicKeyToken=b03f5f7f11d50a3a' inside file 'C:\Program Files\dotnet\sdk\7.0.304\Extensions\Microsoft.VisualStudio.TestPlatform.Extensions.Trx.TestLogger.dll'
TpTrace Verbose: 0 : 38688, 1, 2024/02/05, 23:37:36.491, 13262969008724, vstest.console.dll, TestPluginCache: Discovered the extensions using extension path ''.
TpTrace Verbose: 0 : 38688, 1, 2024/02/05, 23:37:36.492, 13262969008954, vstest.console.dll, TestPluginCache: Discoverers are ''.
TpTrace Verbose: 0 : 38688, 1, 2024/02/05, 23:37:36.492, 13262969009120, vstest.console.dll, TestPluginCache: Executors are ''.
TpTrace Verbose: 0 : 38688, 1, 2024/02/05, 23:37:36.492, 13262969009281, vstest.console.dll, TestPluginCache: Executors2 are ''.
TpTrace Verbose: 0 : 38688, 1, 2024/02/05, 23:37:36.492, 13262969009437, vstest.console.dll, TestPluginCache: Setting providers are ''.
TpTrace Verbose: 0 : 38688, 1, 2024/02/05, 23:37:36.492, 13262969009991, vstest.console.dll, TestPluginCache: Loggers are 'logger://Microsoft/TestPlatform/Extensions/Blame/v1,logger://Microsoft/TestPlatform/HtmlLogger/v1,logger://Microsoft/TestPlatform/TrxLogger/v1'.
TpTrace Verbose: 0 : 38688, 1, 2024/02/05, 23:37:36.492, 13262969010296, vstest.console.dll, TestPluginCache: TestHosts are 'HostProvider://DefaultTestHost,HostProvider://DotnetTestHost'.
TpTrace Verbose: 0 : 38688, 1, 2024/02/05, 23:37:36.492, 13262969010509, vstest.console.dll, TestPluginCache: DataCollectors are ''.
TpTrace Information: 0 : 38688, 1, 2024/02/05, 23:37:36.492, 13262969018865, vstest.console.dll, TestPluginManager.CreateTestExtension: Attempting to load test extension: Microsoft.TestPlatform.Extensions.BlameDataCollector.BlameLogger
TpTrace Verbose: 0 : 38688, 1, 2024/02/05, 23:37:36.501, 13262969099073, vstest.console.dll, TestEngine: Initializing Parallel Execution as MaxCpuCount is set to: 1
TpTrace Information: 0 : 38688, 1, 2024/02/05, 23:37:36.504, 13262969129494, vstest.console.dll, TestPluginManager.CreateTestExtension: Attempting to load test extension: Microsoft.VisualStudio.TestPlatform.CrossPlatEngine.Hosting.DefaultTestHostManager
TpTrace Information: 0 : 38688, 1, 2024/02/05, 23:37:36.504, 13262969138851, vstest.console.dll, TestPluginManager.CreateTestExtension: Attempting to load test extension: Microsoft.VisualStudio.TestPlatform.CrossPlatEngine.Hosting.DotnetTestHostManager
TpTrace Information: 0 : 38688, 1, 2024/02/05, 23:37:36.505, 13262969145617, vstest.console.dll, InferRunSettingsHelper.IsTestSettingsEnabled: Unable to navigate to RunSettings/MSTest. Current node: RunSettings
TpTrace Verbose: 0 : 38688, 1, 2024/02/05, 23:37:36.509, 13262969183164, vstest.console.dll, TestEngine.GetExecutionManager: Chosen execution manager 'Microsoft.VisualStudio.TestPlatform.CrossPlatEngine.Client.Parallel.ParallelProxyExecutionManager, Microsoft.TestPlatform.CrossPlatEngine, Version=15.0.0.0, Culture=neutral, PublicKeyToken=b03f5f7f11d50a3a' ParallelLevel '1'.
TpTrace Verbose: 0 : 38688, 1, 2024/02/05, 23:37:36.509, 13262969185094, vstest.console.dll, TestRunRequest.ExecuteAsync: Creating test run request.
TpTrace Verbose: 0 : 38688, 1, 2024/02/05, 23:37:36.509, 13262969187185, vstest.console.dll, TestRunRequest.ExecuteAsync: Starting.
TpTrace Information: 0 : 38688, 1, 2024/02/05, 23:37:36.510, 13262969189600, vstest.console.dll, TestRunRequest.ExecuteAsync: Starting run with settings:TestRunCriteria:
   KeepAlive=False,FrequencyOfRunStatsChangeEvent=10,RunStatsChangeEventTimeout=00:00:01.5000000,TestCaseFilter=,TestExecutorLauncher=
   Settingsxml=<RunSettings>
  <RunConfiguration>
    <ResultsDirectory>H:\GameDev\GameColorChess\ColorChess\UnitTestColorChess\bin\Debug\net6.0\fine-code-coverage\coverage-tool-output</ResultsDirectory>
    <TargetPlatform>X64</TargetPlatform>
    <TargetFrameworkVersion>.NETCoreApp,Version=v6.0</TargetFrameworkVersion>
    <DesignMode>False</DesignMode>
    <CollectSourceInformation>False</CollectSourceInformation>
  </RunConfiguration>
  <LoggerRunSettings>
    <Loggers>
      <Logger friendlyName="blame" enabled="True" />
      <Logger friendlyName="Console" uri="logger://microsoft/TestPlatform/ConsoleLogger/v1" assemblyQualifiedName="Microsoft.VisualStudio.TestPlatform.CommandLine.Internal.ConsoleLogger, vstest.console, Version=15.0.0.0, Culture=neutral, PublicKeyToken=b03f5f7f11d50a3a" codeBase="C:\Program Files\dotnet\sdk\7.0.304\vstest.console.dll" enabled="True" />
    </Loggers>
  </LoggerRunSettings>
  <DataCollectionRunSettings>
    <DataCollectors>
      <DataCollector friendlyName="blame" enabled="True">
        <Configuration>
          <ResultsDirectory>H:\GameDev\GameColorChess\ColorChess\UnitTestColorChess\bin\Debug\net6.0\fine-code-coverage\coverage-tool-output</ResultsDirectory>
        </Configuration>
      </DataCollector>
    </DataCollectors>
  </DataCollectionRunSettings>
</RunSettings>

TpTrace Verbose: 0 : 38688, 1, 2024/02/05, 23:37:36.510, 13262969190682, vstest.console.dll, TestRunRequest.ExecuteAsync: Wait for the first run request is over.
TpTrace Verbose: 0 : 38688, 1, 2024/02/05, 23:37:36.510, 13262969195157, vstest.console.dll, MulticastDelegateUtilities.SafeInvoke: TestRun.TestRunStart: Invoking callbacks was skipped because there are no subscribers.
TpTrace Verbose: 0 : 38688, 4, 2024/02/05, 23:37:36.511, 13262969198994, vstest.console.dll, MulticastDelegateUtilities.SafeInvoke: InternalTestLoggerEvents.SendTestRunStart: Invoking callback 1/1 for Microsoft.VisualStudio.TestPlatform.CommandLine.Internal.ConsoleLogger., took 0 ms.
TpTrace Verbose: 0 : 38688, 1, 2024/02/05, 23:37:36.511, 13262969206713, vstest.console.dll, ParallelProxyExecutionManager: Start execution. Total sources: 1
TpTrace Verbose: 0 : 38688, 1, 2024/02/05, 23:37:36.513, 13262969223265, vstest.console.dll, TestRequestSender is acting as server.
TpTrace Verbose: 0 : 38688, 1, 2024/02/05, 23:37:36.515, 13262969244258, vstest.console.dll, ParallelOperationManager.RunWorkInParallel: Started work on a host.
TpTrace Verbose: 0 : 38688, 1, 2024/02/05, 23:37:36.516, 13262969252776, vstest.console.dll, ProxyParallelExecutionManager: No sources available for execution.
TpTrace Information: 0 : 38688, 1, 2024/02/05, 23:37:36.516, 13262969254025, vstest.console.dll, TestRunRequest.ExecuteAsync: Started.
TpTrace Verbose: 0 : 38688, 1, 2024/02/05, 23:37:36.516, 13262969254643, vstest.console.dll, TestRunRequest.WaitForCompletion: Waiting with timeout -1.
TpTrace Verbose: 0 : 38688, 5, 2024/02/05, 23:37:36.516, 13262969258626, vstest.console.dll, DataCollectionRequestSender.InitializeCommunication : Initialize communication. 
TpTrace Information: 0 : 38688, 5, 2024/02/05, 23:37:36.521, 13262969303877, vstest.console.dll, Listening on Endpoint : 127.0.0.1:64393
TpTrace Verbose: 0 : 38688, 5, 2024/02/05, 23:37:36.527, 13262969365837, vstest.console.dll, DotnetDataCollectionLauncher: Adding  --runtimeconfig "C:\Program Files\dotnet\sdk\7.0.304\datacollector.runtimeconfig.json" in args
TpTrace Verbose: 0 : 38688, 5, 2024/02/05, 23:37:36.527, 13262969367127, vstest.console.dll, DotnetDataCollectionLauncher: Adding  --depsfile "C:\Program Files\dotnet\sdk\7.0.304\datacollector.deps.json" in args
TpTrace Verbose: 0 : 38688, 5, 2024/02/05, 23:37:36.527, 13262969368363, vstest.console.dll, DotnetDataCollectionLauncher: Full path of dotnet.exe is C:\Program Files\dotnet\dotnet.exe
TpTrace Information: 0 : 38688, 5, 2024/02/05, 23:37:36.536, 13262969450217, vstest.console.dll, ProxyDataCollectionManager.Initialize: Launched datacollector processId: 45200 port: 64393
TpTrace Information: 0 : 38688, 5, 2024/02/05, 23:37:36.536, 13262969452108, vstest.console.dll, ProxyDataCollectionManager.Initialize: waiting for connection with timeout: 90 seconds
TpTrace Verbose: 0 : 38688, 5, 2024/02/05, 23:37:36.536, 13262969452750, vstest.console.dll, DataCollectionRequestSender.WaitForRequestHandlerConnection : Waiting for connection with timeout: 90000
TpTrace Information: 0 : 38688, 7, 2024/02/05, 23:37:36.681, 13262970907381, vstest.console.dll, Using the buffer size of 16384 bytes
TpTrace Verbose: 0 : 38688, 5, 2024/02/05, 23:37:36.681, 13262970908053, vstest.console.dll, SocketCommunicationManager.WaitForClientConnection took: 145 ms, with 90000 ms timeout, and finished with True.
TpTrace Information: 0 : 38688, 7, 2024/02/05, 23:37:36.682, 13262970909036, vstest.console.dll, Accepted Client request and set the flag
TpTrace Verbose: 0 : 38688, 5, 2024/02/05, 23:37:36.682, 13262970910411, vstest.console.dll, ProxyDataCollectionManager.InvokeDataCollectionServiceAction: Starting.
TpTrace Information: 0 : 38688, 5, 2024/02/05, 23:37:36.682, 13262970911102, vstest.console.dll, ProxyDataCollectionManager.BeforeTestRunStart: Get environment variable and port for datacollector processId: 45200 port: 64393
TpTrace Verbose: 0 : 38688, 5, 2024/02/05, 23:37:36.682, 13262970911954, vstest.console.dll, DataCollectionRequestSender.SendBeforeTestRunStartAndGetResult: Send BeforeTestRunStart message with settingsXml <RunSettings><RunConfiguration><ResultsDirectory>H:\GameDev\GameColorChess\ColorChess\UnitTestColorChess\bin\Debug\net6.0\fine-code-coverage\coverage-tool-output</ResultsDirectory><TargetPlatform>X64</TargetPlatform><TargetFrameworkVersion>.NETCoreApp,Version=v6.0</TargetFrameworkVersion><DesignMode>False</DesignMode><CollectSourceInformation>False</CollectSourceInformation><TestAdaptersPaths>C:\Program Files\dotnet\sdk\7.0.304\Extensions</TestAdaptersPaths></RunConfiguration><LoggerRunSettings><Loggers><Logger friendlyName="blame" enabled="True" /><Logger friendlyName="Console" uri="logger://microsoft/TestPlatform/ConsoleLogger/v1" assemblyQualifiedName="Microsoft.VisualStudio.TestPlatform.CommandLine.Internal.ConsoleLogger, vstest.console, Version=15.0.0.0, Culture=neutral, PublicKeyToken=b03f5f7f11d50a3a" codeBase="C:\Program Files\dotnet\sdk\7.0.304\vstest.console.dll" enabled="True" /></Loggers></LoggerRunSettings><DataCollectionRunSettings><DataCollectors><DataCollector friendlyName="blame" enabled="True"><Configuration><ResultsDirectory>H:\GameDev\GameColorChess\ColorChess\UnitTestColorChess\bin\Debug\net6.0\fine-code-coverage\coverage-tool-output</ResultsDirectory></Configuration></DataCollector></DataCollectors></DataCollectionRunSettings></RunSettings> and sources System.Collections.Generic.List`1[System.String]: 
TpTrace Verbose: 0 : 38688, 5, 2024/02/05, 23:37:36.752, 13262971617972, vstest.console.dll, DataCollectionRequestSender.SendBeforeTestRunStartAndGetResult: Received message: (DataCollection.SendMessage) -> {"MessageType":"DataCollection.SendMessage","Payload":{"FriendlyName":null,"Uri":null,"TestCaseId":"00000000-0000-0000-0000-000000000000","Message":"Logging DataCollector Diagnostics in file: H:\\GameDev\\GameColorChess\\ColorChess\\UnitTestColorChess\\bin\\Debug\\net6.0\\fine-code-coverage\\coverage-tool-output\\diagnostics.datacollector.24-02-05_23-37-36_52745_5.log","Level":0}}
TpTrace Verbose: 0 : 38688, 5, 2024/02/05, 23:37:36.829, 13262972380927, vstest.console.dll, DataCollectionRequestSender.SendBeforeTestRunStartAndGetResult: Received message: (DataCollection.BeforeTestRunStartResult) -> {"MessageType":"DataCollection.BeforeTestRunStartResult","Payload":{"EnvironmentVariables":{},"DataCollectionEventsPort":64395}}
TpTrace Information: 0 : 38688, 5, 2024/02/05, 23:37:36.834, 13262972429928, vstest.console.dll, ProxyDataCollectionManager.BeforeTestRunStart: SendBeforeTestRunStartAndGetResult successful, env variable from datacollector:   and testhost port: 64395
TpTrace Information: 0 : 38688, 5, 2024/02/05, 23:37:36.834, 13262972431595, vstest.console.dll, ProxyDataCollectionManager.InvokeDataCollectionServiceAction: Completed.
TpTrace Verbose: 0 : 38688, 5, 2024/02/05, 23:37:36.834, 13262972432687, vstest.console.dll, ProxyExecutionManager: Test host is always Lazy initialize.
TpTrace Verbose: 0 : 38688, 5, 2024/02/05, 23:37:36.834, 13262972435362, vstest.console.dll, TestRequestSender.InitializeCommunication: initialize communication. 
TpTrace Information: 0 : 38688, 5, 2024/02/05, 23:37:36.835, 13262972441747, vstest.console.dll, SocketServer.Start: Listening on endpoint : 127.0.0.1:64396
TpTrace Verbose: 0 : 38688, 5, 2024/02/05, 23:37:36.836, 13262972451711, vstest.console.dll, DotnetTestHostmanager.GetTestHostProcessStartInfo: Platform environment 'X64' target architecture 'X64' framework '.NETCoreApp,Version=v6.0' OS 'Windows'
TpTrace Verbose: 0 : 38688, 5, 2024/02/05, 23:37:36.836, 13262972453558, vstest.console.dll, DotnetTestHostmanager: Adding  --runtimeconfig "H:\GameDev\GameColorChess\ColorChess\UnitTestColorChess\bin\Debug\net6.0\fine-code-coverage\build-output\UnitTestColorChess.runtimeconfig.json" in args
TpTrace Verbose: 0 : 38688, 5, 2024/02/05, 23:37:36.836, 13262972453987, vstest.console.dll, DotnetTestHostmanager: Adding  --depsfile "H:\GameDev\GameColorChess\ColorChess\UnitTestColorChess\bin\Debug\net6.0\fine-code-coverage\build-output\UnitTestColorChess.deps.json" in args
TpTrace Verbose: 0 : 38688, 5, 2024/02/05, 23:37:36.836, 13262972455413, vstest.console.dll, DotnetTestHostmanager.IsWinOnArm: Current PROCESSOR_ARCHITECTURE from environment variable 'AMD64'
TpTrace Verbose: 0 : 38688, 5, 2024/02/05, 23:37:36.836, 13262972455852, vstest.console.dll, DotnetTestHostmanager.IsWinOnArm: Is Windows on ARM 'False'
TpTrace Verbose: 0 : 38688, 5, 2024/02/05, 23:37:36.836, 13262972456254, vstest.console.dll, DotnetTestHostManager: testhost.exe found at path: H:\GameDev\GameColorChess\ColorChess\UnitTestColorChess\bin\Debug\net6.0\fine-code-coverage\build-output\testhost.exe
TpTrace Verbose: 0 : 38688, 5, 2024/02/05, 23:37:36.836, 13262972456553, vstest.console.dll, DotnetTestHostmanager: Full path of host exe is H:\GameDev\GameColorChess\ColorChess\UnitTestColorChess\bin\Debug\net6.0\fine-code-coverage\build-output\testhost.exe
TpTrace Verbose: 0 : 38688, 5, 2024/02/05, 23:37:36.836, 13262972457511, vstest.console.dll, DotnetTestHostmanager.LaunchTestHostAsync: Found 'VSTEST_WINAPPHOST_DOTNET_ROOT' in env variables, value 'C:\Program Files\dotnet', forwarding to 'DOTNET_ROOT'
TpTrace Verbose: 0 : 38688, 5, 2024/02/05, 23:37:36.837, 13262972459048, vstest.console.dll, DotnetTestHostManager: Starting process 'H:\GameDev\GameColorChess\ColorChess\UnitTestColorChess\bin\Debug\net6.0\fine-code-coverage\build-output\testhost.exe' with command line ' --runtimeconfig "H:\GameDev\GameColorChess\ColorChess\UnitTestColorChess\bin\Debug\net6.0\fine-code-coverage\build-output\UnitTestColorChess.runtimeconfig.json" --depsfile "H:\GameDev\GameColorChess\ColorChess\UnitTestColorChess\bin\Debug\net6.0\fine-code-coverage\build-output\UnitTestColorChess.deps.json" --port 64396 --endpoint 127.0.0.1:064396 --role client --parentprocessid 38688 --diag "H:\GameDev\GameColorChess\ColorChess\UnitTestColorChess\bin\Debug\net6.0\fine-code-coverage\coverage-tool-output\diagnostics.host.24-02-05_23-37-36_83583_5.log" --tracelevel 4 --datacollectionport 64395 --telemetryoptedin false'
TpTrace Verbose: 0 : 38688, 5, 2024/02/05, 23:37:36.845, 13262972545497, vstest.console.dll, MulticastDelegateUtilities.SafeInvoke: HostProviderEvents.OnHostLaunched: Invoking callback 1/2 for Microsoft.VisualStudio.TestPlatform.CrossPlatEngine.Client.ProxyExecutionManagerWithDataCollection., took 1 ms.
TpTrace Verbose: 0 : 38688, 5, 2024/02/05, 23:37:36.846, 13262972550581, vstest.console.dll, Test Runtime launched
TpTrace Verbose: 0 : 38688, 5, 2024/02/05, 23:37:36.846, 13262972551756, vstest.console.dll, MulticastDelegateUtilities.SafeInvoke: HostProviderEvents.OnHostLaunched: Invoking callback 2/2 for Microsoft.VisualStudio.TestPlatform.CrossPlatEngine.Client.ProxyOperationManager., took 0 ms.
TpTrace Verbose: 0 : 38688, 5, 2024/02/05, 23:37:36.846, 13262972553182, vstest.console.dll, TestRequestSender.WaitForRequestHandlerConnection: waiting for connection with timeout: 90000.
TpTrace Verbose: 0 : 38688, 5, 2024/02/05, 23:37:36.992, 13262974012378, vstest.console.dll, TestRequestSender.WaitForRequestHandlerConnection: waiting took 145 ms, with timeout 90000 ms, and result 0, which is success.
TpTrace Verbose: 0 : 38688, 7, 2024/02/05, 23:37:36.992, 13262974012377, vstest.console.dll, MulticastDelegateUtilities.SafeInvoke: SocketServer: ClientConnected: Invoking callback 1/1 for Microsoft.VisualStudio.TestPlatform.CommunicationUtilities.TestRequestSender., took 0 ms.
TpTrace Verbose: 0 : 38688, 7, 2024/02/05, 23:37:36.992, 13262974014028, vstest.console.dll, SocketServer.OnClientConnected: Client connected for endPoint: 127.0.0.1:64396, starting MessageLoopAsync:
TpTrace Verbose: 0 : 38688, 13, 2024/02/05, 23:37:36.992, 13262974016537, vstest.console.dll, TcpClientExtensions.MessageLoopAsync: Polling on remoteEndPoint: 127.0.0.1:64397 localEndPoint: 127.0.0.1:64396
TpTrace Verbose: 0 : 38688, 5, 2024/02/05, 23:37:36.993, 13262974020845, vstest.console.dll, TestRequestSender.CheckVersionWithTestHost: Sending check version message: {"MessageType":"ProtocolVersion","Payload":7}
TpTrace Verbose: 0 : 38688, 13, 2024/02/05, 23:37:37.110, 13262975192423, vstest.console.dll, TcpClientExtensions.MessageLoopAsync: NotifyDataAvailable remoteEndPoint: 127.0.0.1:64397 localEndPoint: 127.0.0.1:64396
TpTrace Verbose: 0 : 38688, 13, 2024/02/05, 23:37:37.110, 13262975195807, vstest.console.dll, TestRequestSender.CheckVersionWithTestHost: onMessageReceived received message: (ProtocolVersion) -> {"MessageType":"ProtocolVersion","Payload":7}
TpTrace Verbose: 0 : 38688, 13, 2024/02/05, 23:37:37.111, 13262975207241, vstest.console.dll, MulticastDelegateUtilities.SafeInvoke: LengthPrefixCommunicationChannel: MessageReceived: Invoking callback 1/1 for Microsoft.VisualStudio.TestPlatform.CommunicationUtilities.TestRequestSender+<>c__DisplayClass29_0., took 1 ms.
TpTrace Verbose: 0 : 38688, 13, 2024/02/05, 23:37:37.112, 13262975208937, vstest.console.dll, TcpClientExtensions.MessageLoopAsync: Polling on remoteEndPoint: 127.0.0.1:64397 localEndPoint: 127.0.0.1:64396
TpTrace Verbose: 0 : 38688, 5, 2024/02/05, 23:37:37.111, 13262975208829, vstest.console.dll, TestPluginCache.GetExtensionPaths: Filtered extension paths: 
TpTrace Verbose: 0 : 38688, 5, 2024/02/05, 23:37:37.112, 13262975210985, vstest.console.dll, TestPluginCache.GetExtensionPaths: Added default extension paths: C:\Program Files\dotnet\sdk\7.0.304\Extensions\Microsoft.Diagnostics.NETCore.Client.dll
C:\Program Files\dotnet\sdk\7.0.304\Extensions\Microsoft.TestPlatform.Extensions.BlameDataCollector.dll
C:\Program Files\dotnet\sdk\7.0.304\Extensions\Microsoft.TestPlatform.Extensions.EventLogCollector.dll
C:\Program Files\dotnet\sdk\7.0.304\Extensions\Microsoft.TestPlatform.TestHostRuntimeProvider.dll
C:\Program Files\dotnet\sdk\7.0.304\Extensions\Microsoft.VisualStudio.TestPlatform.Extensions.Html.TestLogger.dll
C:\Program Files\dotnet\sdk\7.0.304\Extensions\Microsoft.VisualStudio.TestPlatform.Extensions.Trx.TestLogger.dll
TpTrace Verbose: 0 : 38688, 5, 2024/02/05, 23:37:37.112, 13262975211515, vstest.console.dll, TestPluginCache.GetExtensionPaths: Added unfilterableExtensionPaths: 
TpTrace Verbose: 0 : 38688, 5, 2024/02/05, 23:37:37.115, 13262975240762, vstest.console.dll, TestRequestSender.InitializeExecution: Sending initialize execution with message: {"Version":7,"MessageType":"TestExecution.Initialize","Payload":["H:\\GameDev\\GameColorChess\\ColorChess\\UnitTestColorChess\\bin\\Debug\\net6.0\\fine-code-coverage\\build-output\\NUnit3.TestAdapter.dll"]}
TpTrace Verbose: 0 : 38688, 5, 2024/02/05, 23:37:37.115, 13262975243129, vstest.console.dll, ParallelProxyExecutionManager: Execution started. Started clients: 1
TpTrace Verbose: 0 : 38688, 5, 2024/02/05, 23:37:37.115, 13262975245544, vstest.console.dll, TestRunRequest:SendTestRunMessage: Starting.
TpTrace Verbose: 0 : 38688, 5, 2024/02/05, 23:37:37.115, 13262975246732, vstest.console.dll, MulticastDelegateUtilities.SafeInvoke: TestRun.LogMessages: Invoking callback 1/1 for Microsoft.VisualStudio.TestPlatform.CommandLine.TestRunResultAggregator., took 0 ms.
TpTrace Information: 0 : 38688, 5, 2024/02/05, 23:37:37.115, 13262975246981, vstest.console.dll, TestRunRequest:SendTestRunMessage: Completed.
TpTrace Warning: 0 : 38688, 5, 2024/02/05, 23:37:37.116, 13262975249641, vstest.console.dll, InferRunSettingsHelper.MakeRunsettingsCompatible: Removing the following settings: TargetPlatform from RunSettings file. To use those settings please move to latest version of Microsoft.NET.Test.Sdk
TpTrace Verbose: 0 : 38688, 4, 2024/02/05, 23:37:37.116, 13262975251512, vstest.console.dll, MulticastDelegateUtilities.SafeInvoke: InternalTestLoggerEvents.SendTestRunMessage: Invoking callback 1/1 for Microsoft.VisualStudio.TestPlatform.CommandLine.Internal.ConsoleLogger., took 0 ms.
TpTrace Verbose: 0 : 38688, 13, 2024/02/05, 23:37:37.116, 13262975255846, vstest.console.dll, TcpClientExtensions.MessageLoopAsync: NotifyDataAvailable remoteEndPoint: 127.0.0.1:64397 localEndPoint: 127.0.0.1:64396
TpTrace Verbose: 0 : 38688, 13, 2024/02/05, 23:37:37.117, 13262975261266, vstest.console.dll, TestRequestSender.OnExecutionMessageReceived: Received message: {"Version":7,"MessageType":"TestSession.Message","Payload":{"MessageLevel":0,"Message":"Ведение журналов диагностики TestHost в файле: H:\\GameDev\\GameColorChess\\ColorChess\\UnitTestColorChess\\bin\\Debug\\net6.0\\fine-code-coverage\\coverage-tool-output\\diagnostics.host.24-02-05_23-37-36_83583_5.log"}}
TpTrace Verbose: 0 : 38688, 13, 2024/02/05, 23:37:37.119, 13262975285631, vstest.console.dll, TestRunRequest:SendTestRunMessage: Starting.
TpTrace Verbose: 0 : 38688, 13, 2024/02/05, 23:37:37.119, 13262975287982, vstest.console.dll, MulticastDelegateUtilities.SafeInvoke: TestRun.LogMessages: Invoking callback 1/1 for Microsoft.VisualStudio.TestPlatform.CommandLine.TestRunResultAggregator., took 0 ms.
TpTrace Information: 0 : 38688, 13, 2024/02/05, 23:37:37.119, 13262975288372, vstest.console.dll, TestRunRequest:SendTestRunMessage: Completed.
TpTrace Verbose: 0 : 38688, 13, 2024/02/05, 23:37:37.119, 13262975288703, vstest.console.dll, MulticastDelegateUtilities.SafeInvoke: LengthPrefixCommunicationChannel: MessageReceived: Invoking callback 1/1 for Microsoft.VisualStudio.TestPlatform.CommunicationUtilities.TestRequestSender+<>c__DisplayClass34_0., took 3 ms.
TpTrace Verbose: 0 : 38688, 13, 2024/02/05, 23:37:37.120, 13262975288942, vstest.console.dll, TcpClientExtensions.MessageLoopAsync: Polling on remoteEndPoint: 127.0.0.1:64397 localEndPoint: 127.0.0.1:64396
TpTrace Verbose: 0 : 38688, 4, 2024/02/05, 23:37:37.120, 13262975288954, vstest.console.dll, MulticastDelegateUtilities.SafeInvoke: InternalTestLoggerEvents.SendTestRunMessage: Invoking callback 1/1 for Microsoft.VisualStudio.TestPlatform.CommandLine.Internal.ConsoleLogger., took 0 ms.
TpTrace Verbose: 0 : 38688, 5, 2024/02/05, 23:37:37.121, 13262975308645, vstest.console.dll, TestRequestSender.StartTestRun: Sending test run with message: {"Version":7,"MessageType":"TestExecution.StartWithSources","Payload":{"AdapterSourceMap":{"_none_":["H:\\GameDev\\GameColorChess\\ColorChess\\UnitTestColorChess\\bin\\Debug\\net6.0\\fine-code-coverage\\build-output\\UnitTestColorChess.dll"]},"RunSettings":"<RunSettings>\r\n  <RunConfiguration>\r\n    <ResultsDirectory>H:\\GameDev\\GameColorChess\\ColorChess\\UnitTestColorChess\\bin\\Debug\\net6.0\\fine-code-coverage\\coverage-tool-output</ResultsDirectory>\r\n    <TargetFrameworkVersion>.NETCoreApp,Version=v6.0</TargetFrameworkVersion>\r\n    <DesignMode>False</DesignMode>\r\n    <CollectSourceInformation>False</CollectSourceInformation>\r\n  </RunConfiguration>\r\n  <LoggerRunSettings>\r\n    <Loggers>\r\n      <Logger friendlyName=\"blame\" enabled=\"True\" />\r\n      <Logger friendlyName=\"Console\" uri=\"logger://microsoft/TestPlatform/ConsoleLogger/v1\" assemblyQualifiedName=\"Microsoft.VisualStudio.TestPlatform.CommandLine.Internal.ConsoleLogger, vstest.console, Version=15.0.0.0, Culture=neutral, PublicKeyToken=b03f5f7f11d50a3a\" codeBase=\"C:\\Program Files\\dotnet\\sdk\\7.0.304\\vstest.console.dll\" enabled=\"True\" />\r\n    </Loggers>\r\n  </LoggerRunSettings>\r\n  <DataCollectionRunSettings>\r\n    <DataCollectors>\r\n      <DataCollector friendlyName=\"blame\" enabled=\"True\">\r\n        <Configuration>\r\n          <ResultsDirectory>H:\\GameDev\\GameColorChess\\ColorChess\\UnitTestColorChess\\bin\\Debug\\net6.0\\fine-code-coverage\\coverage-tool-output</ResultsDirectory>\r\n        </Configuration>\r\n      </DataCollector>\r\n    </DataCollectors>\r\n  </DataCollectionRunSettings>\r\n</RunSettings>","TestExecutionContext":{"FrequencyOfRunStatsChangeEvent":10,"RunStatsChangeEventTimeout":"00:00:01.5000000","InIsolation":false,"KeepAlive":false,"AreTestCaseLevelEventsRequired":false,"IsDebug":false,"TestCaseFilter":null,"FilterOptions":null},"Package":null}}
TpTrace Verbose: 0 : 38688, 13, 2024/02/05, 23:37:37.288, 13262976972357, vstest.console.dll, TcpClientExtensions.MessageLoopAsync: NotifyDataAvailable remoteEndPoint: 127.0.0.1:64397 localEndPoint: 127.0.0.1:64396
TpTrace Verbose: 0 : 38688, 13, 2024/02/05, 23:37:37.288, 13262976974565, vstest.console.dll, TestRequestSender.OnExecutionMessageReceived: Received message: {"Version":7,"MessageType":"TestSession.Message","Payload":{"MessageLevel":0,"Message":"NUnit Adapter 4.4.0.0: Test execution started"}}
TpTrace Verbose: 0 : 38688, 13, 2024/02/05, 23:37:37.288, 13262976977601, vstest.console.dll, TestRunRequest:SendTestRunMessage: Starting.
TpTrace Verbose: 0 : 38688, 13, 2024/02/05, 23:37:37.288, 13262976978279, vstest.console.dll, MulticastDelegateUtilities.SafeInvoke: TestRun.LogMessages: Invoking callback 1/1 for Microsoft.VisualStudio.TestPlatform.CommandLine.TestRunResultAggregator., took 0 ms.
TpTrace Information: 0 : 38688, 13, 2024/02/05, 23:37:37.289, 13262976979404, vstest.console.dll, TestRunRequest:SendTestRunMessage: Completed.
TpTrace Verbose: 0 : 38688, 13, 2024/02/05, 23:37:37.289, 13262976979795, vstest.console.dll, MulticastDelegateUtilities.SafeInvoke: LengthPrefixCommunicationChannel: MessageReceived: Invoking callback 1/1 for Microsoft.VisualStudio.TestPlatform.CommunicationUtilities.TestRequestSender+<>c__DisplayClass34_0., took 0 ms.
TpTrace Verbose: 0 : 38688, 4, 2024/02/05, 23:37:37.288, 13262976978839, vstest.console.dll, MulticastDelegateUtilities.SafeInvoke: InternalTestLoggerEvents.SendTestRunMessage: Invoking callback 1/1 for Microsoft.VisualStudio.TestPlatform.CommandLine.Internal.ConsoleLogger., took 0 ms.
TpTrace Verbose: 0 : 38688, 13, 2024/02/05, 23:37:37.289, 13262976980410, vstest.console.dll, TcpClientExtensions.MessageLoopAsync: Polling on remoteEndPoint: 127.0.0.1:64397 localEndPoint: 127.0.0.1:64396
TpTrace Verbose: 0 : 38688, 13, 2024/02/05, 23:37:37.318, 13262977278294, vstest.console.dll, TcpClientExtensions.MessageLoopAsync: NotifyDataAvailable remoteEndPoint: 127.0.0.1:64397 localEndPoint: 127.0.0.1:64396
TpTrace Verbose: 0 : 38688, 13, 2024/02/05, 23:37:37.319, 13262977279988, vstest.console.dll, TestRequestSender.OnExecutionMessageReceived: Received message: {"Version":7,"MessageType":"TestSession.Message","Payload":{"MessageLevel":0,"Message":"Running all tests in H:\\GameDev\\GameColorChess\\ColorChess\\UnitTestColorChess\\bin\\Debug\\net6.0\\fine-code-coverage\\build-output\\UnitTestColorChess.dll"}}
TpTrace Verbose: 0 : 38688, 13, 2024/02/05, 23:37:37.319, 13262977281273, vstest.console.dll, TestRunRequest:SendTestRunMessage: Starting.
TpTrace Verbose: 0 : 38688, 13, 2024/02/05, 23:37:37.319, 13262977281907, vstest.console.dll, MulticastDelegateUtilities.SafeInvoke: TestRun.LogMessages: Invoking callback 1/1 for Microsoft.VisualStudio.TestPlatform.CommandLine.TestRunResultAggregator., took 0 ms.
TpTrace Information: 0 : 38688, 13, 2024/02/05, 23:37:37.319, 13262977282128, vstest.console.dll, TestRunRequest:SendTestRunMessage: Completed.
TpTrace Verbose: 0 : 38688, 13, 2024/02/05, 23:37:37.319, 13262977282341, vstest.console.dll, MulticastDelegateUtilities.SafeInvoke: LengthPrefixCommunicationChannel: MessageReceived: Invoking callback 1/1 for Microsoft.VisualStudio.TestPlatform.CommunicationUtilities.TestRequestSender+<>c__DisplayClass34_0., took 0 ms.
TpTrace Verbose: 0 : 38688, 13, 2024/02/05, 23:37:37.319, 13262977282586, vstest.console.dll, TcpClientExtensions.MessageLoopAsync: Polling on remoteEndPoint: 127.0.0.1:64397 localEndPoint: 127.0.0.1:64396
TpTrace Verbose: 0 : 38688, 4, 2024/02/05, 23:37:37.319, 13262977282610, vstest.console.dll, MulticastDelegateUtilities.SafeInvoke: InternalTestLoggerEvents.SendTestRunMessage: Invoking callback 1/1 for Microsoft.VisualStudio.TestPlatform.CommandLine.Internal.ConsoleLogger., took 0 ms.
TpTrace Verbose: 0 : 38688, 13, 2024/02/05, 23:37:37.441, 13262978502271, vstest.console.dll, TcpClientExtensions.MessageLoopAsync: NotifyDataAvailable remoteEndPoint: 127.0.0.1:64397 localEndPoint: 127.0.0.1:64396
TpTrace Verbose: 0 : 38688, 13, 2024/02/05, 23:37:37.441, 13262978504141, vstest.console.dll, TestRequestSender.OnExecutionMessageReceived: Received message: {"Version":7,"MessageType":"TestSession.Message","Payload":{"MessageLevel":0,"Message":"   NUnit3TestExecutor discovered 21 of 21 NUnit test cases using Current Discovery mode, Non-Explicit run"}}
TpTrace Verbose: 0 : 38688, 13, 2024/02/05, 23:37:37.441, 13262978505104, vstest.console.dll, TestRunRequest:SendTestRunMessage: Starting.
TpTrace Verbose: 0 : 38688, 13, 2024/02/05, 23:37:37.441, 13262978505561, vstest.console.dll, MulticastDelegateUtilities.SafeInvoke: TestRun.LogMessages: Invoking callback 1/1 for Microsoft.VisualStudio.TestPlatform.CommandLine.TestRunResultAggregator., took 0 ms.
TpTrace Information: 0 : 38688, 13, 2024/02/05, 23:37:37.441, 13262978505853, vstest.console.dll, TestRunRequest:SendTestRunMessage: Completed.
TpTrace Verbose: 0 : 38688, 13, 2024/02/05, 23:37:37.441, 13262978506121, vstest.console.dll, MulticastDelegateUtilities.SafeInvoke: LengthPrefixCommunicationChannel: MessageReceived: Invoking callback 1/1 for Microsoft.VisualStudio.TestPlatform.CommunicationUtilities.TestRequestSender+<>c__DisplayClass34_0., took 0 ms.
TpTrace Verbose: 0 : 38688, 13, 2024/02/05, 23:37:37.441, 13262978506437, vstest.console.dll, TcpClientExtensions.MessageLoopAsync: Polling on remoteEndPoint: 127.0.0.1:64397 localEndPoint: 127.0.0.1:64396
TpTrace Verbose: 0 : 38688, 4, 2024/02/05, 23:37:37.441, 13262978506490, vstest.console.dll, MulticastDelegateUtilities.SafeInvoke: InternalTestLoggerEvents.SendTestRunMessage: Invoking callback 1/1 for Microsoft.VisualStudio.TestPlatform.CommandLine.Internal.ConsoleLogger., took 0 ms.
TpTrace Verbose: 0 : 38688, 13, 2024/02/05, 23:37:37.648, 13262980578576, vstest.console.dll, TcpClientExtensions.MessageLoopAsync: NotifyDataAvailable remoteEndPoint: 127.0.0.1:64397 localEndPoint: 127.0.0.1:64396
TpTrace Verbose: 0 : 38688, 13, 2024/02/05, 23:37:37.649, 13262980582233, vstest.console.dll, TestRequestSender.OnExecutionMessageReceived: Received message: {"Version":7,"MessageType":"TestExecution.StatsChange","Payload":{"NewTestResults":[{"TestCase":{"Id":"377cd123-491f-c9a0-7c9c-c976421efe04","FullyQualifiedName":"UnitTest.ServerTests.TryLoginIn_FailedLogin","DisplayName":"TryLoginIn_FailedLogin","ExecutorUri":"executor://NUnit3TestExecutor","Source":"H:\\GameDev\\GameColorChess\\ColorChess\\UnitTestColorChess\\bin\\Debug\\net6.0\\fine-code-coverage\\build-output\\UnitTestColorChess.dll","CodeFilePath":null,"LineNumber":0,"Properties":[{"Key":{"Id":"NUnit.Seed","Label":"Seed","Category":"","Description":"","Attributes":0,"ValueType":"System.String"},"Value":"90175700"}]},"Attachments":[],"Outcome":1,"ErrorMessage":null,"ErrorStackTrace":null,"DisplayName":"TryLoginIn_FailedLogin","Messages":[],"ComputerName":"KIRILLOK","Duration":"00:00:00.1025700","StartTime":"2024-02-05T20:37:37.4634388+00:00","EndTime":"2024-02-05T20:37:37.5659536+00:00","Properties":[{"Key":{"Id":"NUnit.Seed","Label":"Seed","Category":"","Description":"","Attributes":0,"ValueType":"System.String"},"Value":"90175700"}]},{"TestCase":{"Id":"1a445dc0-c8e8-68fd-81de-b92bb3cf5c55","FullyQualifiedName":"UnitTest.ServerTests.TryLoginIn_SuccessfulLogin","DisplayName":"TryLoginIn_SuccessfulLogin","ExecutorUri":"executor://NUnit3TestExecutor","Source":"H:\\GameDev\\GameColorChess\\ColorChess\\UnitTestColorChess\\bin\\Debug\\net6.0\\fine-code-coverage\\build-output\\UnitTestColorChess.dll","CodeFilePath":null,"LineNumber":0,"Properties":[{"Key":{"Id":"NUnit.Seed","Label":"Seed","Category":"","Description":"","Attributes":0,"ValueType":"System.String"},"Value":"1134330633"}]},"Attachments":[],"Outcome":1,"ErrorMessage":null,"ErrorStackTrace":null,"DisplayName":"TryLoginIn_SuccessfulLogin","Messages":[],"ComputerName":"KIRILLOK","Duration":"00:00:00.0020620","StartTime":"2024-02-05T20:37:37.5672157+00:00","EndTime":"2024-02-05T20:37:37.5692781+00:00","Properties":[{"Key":{"Id":"NUnit.Seed","Label":"Seed","Category":"","Description":"","Attributes":0,"ValueType":"System.String"},"Value":"1134330633"}]},{"TestCase":{"Id":"bb7dde75-5637-b424-75cf-a9b67e68c4bf","FullyQualifiedName":"UnitTest.TestGameStateBuilder.Test_CheckCorrectlyMapForDefaultMode(\"SetDefaultHotSeatGameState\")","DisplayName":"Test_CheckCorrectlyMapForDefaultMode(\"SetDefaultHotSeatGameState\")","ExecutorUri":"executor://NUnit3TestExecutor","Source":"H:\\GameDev\\GameColorChess\\ColorChess\\UnitTestColorChess\\bin\\Debug\\net6.0\\fine-code-coverage\\build-output\\UnitTestColorChess.dll","CodeFilePath":null,"LineNumber":0,"Properties":[{"Key":{"Id":"NUnit.Seed","Label":"Seed","Category":"","Description":"","Attributes":0,"ValueType":"System.String"},"Value":"1466516756"}]},"Attachments":[],"Outcome":1,"ErrorMessage":null,"ErrorStackTrace":null,"DisplayName":"Test_CheckCorrectlyMapForDefaultMode(\"SetDefaultHotSeatGameState\")","Messages":[],"ComputerName":"KIRILLOK","Duration":"00:00:00.0225780","StartTime":"2024-02-05T20:37:37.5712535+00:00","EndTime":"2024-02-05T20:37:37.5938309+00:00","Properties":[{"Key":{"Id":"NUnit.Seed","Label":"Seed","Category":"","Description":"","Attributes":0,"ValueType":"System.String"},"Value":"1466516756"}]},{"TestCase":{"Id":"25d2f057-92a8-557c-d60e-3befda0d8b45","FullyQualifiedName":"UnitTest.TestGameStateBuilder.Test_CheckCorrectlyMapForDefaultMode(\"SetDefaultAIGameState\")","DisplayName":"Test_CheckCorrectlyMapForDefaultMode(\"SetDefaultAIGameState\")","ExecutorUri":"executor://NUnit3TestExecutor","Source":"H:\\GameDev\\GameColorChess\\ColorChess\\UnitTestColorChess\\bin\\Debug\\net6.0\\fine-code-coverage\\build-output\\UnitTestColorChess.dll","CodeFilePath":null,"LineNumber":0,"Properties":[{"Key":{"Id":"NUnit.Seed","Label":"Seed","Category":"","Description":"","Attributes":0,"ValueType":"System.String"},"Value":"1550233470"}]},"Attachments":[],"Outcome":1,"ErrorMessage":null,"ErrorStackTrace":null,"DisplayName":"Test_CheckCorrectlyMapForDefaultMode(\"SetDefaultAIGameState\")","Messages":[],"ComputerName":"KIRILLOK","Duration":"00:00:00.0003920","StartTime":"2024-02-05T20:37:37.5938551+00:00","EndTime":"2024-02-05T20:37:37.5942474+00:00","Properties":[{"Key":{"Id":"NUnit.Seed","Label":"Seed","Category":"","Description":"","Attributes":0,"ValueType":"System.String"},"Value":"1550233470"}]},{"TestCase":{"Id":"de0dd0bf-a0b9-8f28-6427-f3f9a511f07f","FullyQualifiedName":"UnitTest.TestGameStateBuilder.Test_CheckCorrectlyMapForDefaultMode(\"SetDefaultOnlineGameState\")","DisplayName":"Test_CheckCorrectlyMapForDefaultMode(\"SetDefaultOnlineGameState\")","ExecutorUri":"executor://NUnit3TestExecutor","Source":"H:\\GameDev\\GameColorChess\\ColorChess\\UnitTestColorChess\\bin\\Debug\\net6.0\\fine-code-coverage\\build-output\\UnitTestColorChess.dll","CodeFilePath":null,"LineNumber":0,"Properties":[{"Key":{"Id":"NUnit.Seed","Label":"Seed","Category":"","Description":"","Attributes":0,"ValueType":"System.String"},"Value":"308744674"}]},"Attachments":[],"Outcome":1,"ErrorMessage":null,"ErrorStackTrace":null,"DisplayName":"Test_CheckCorrectlyMapForDefaultMode(\"SetDefaultOnlineGameState\")","Messages":[],"ComputerName":"KIRILLOK","Duration":"00:00:00.0002920","StartTime":"2024-02-05T20:37:37.5942597+00:00","EndTime":"2024-02-05T20:37:37.5945518+00:00","Properties":[{"Key":{"Id":"NUnit.Seed","Label":"Seed","Category":"","Description":"","Attributes":0,"ValueType":"System.String"},"Value":"308744674"}]},{"TestCase":{"Id":"bab84c35-33ee-05b0-37c8-b2812f39322d","FullyQualifiedName":"UnitTest.TestGameStateBuilder.Test_CheckCorrectStateCellBeforeBuilderForDefaultAndCustomMode(\"CustomMode\")","DisplayName":"Test_CheckCorrectStateCellBeforeBuilderForDefaultAndCustomMode(\"CustomMode\")","ExecutorUri":"executor://NUnit3TestExecutor","Source":"H:\\GameDev\\GameColorChess\\ColorChess\\UnitTestColorChess\\bin\\Debug\\net6.0\\fine-code-coverage\\build-output\\UnitTestColorChess.dll","CodeFilePath":null,"LineNumber":0,"Properties":[{"Key":{"Id":"NUnit.Seed","Label":"Seed","Category":"","Description":"","Attributes":0,"ValueType":"System.String"},"Value":"578365666"}]},"Attachments":[],"Outcome":1,"ErrorMessage":null,"ErrorStackTrace":null,"DisplayName":"Test_CheckCorrectStateCellBeforeBuilderForDefaultAndCustomMode(\"CustomMode\")","Messages":[],"ComputerName":"KIRILLOK","Duration":"00:00:00.0071360","StartTime":"2024-02-05T20:37:37.5946401+00:00","EndTime":"2024-02-05T20:37:37.6017756+00:00","Properties":[{"Key":{"Id":"NUnit.Seed","Label":"Seed","Category":"","Description":"","Attributes":0,"ValueType":"System.String"},"Value":"578365666"}]},{"TestCase":{"Id":"2c4e4477-43e4-8da3-9167-7c6b89b24208","FullyQualifiedName":"UnitTest.TestGameStateBuilder.Test_CheckCorrectStateCellBeforeBuilderForDefaultAndCustomMode(\"SetDefaultHotSeatGameState\")","DisplayName":"Test_CheckCorrectStateCellBeforeBuilderForDefaultAndCustomMode(\"SetDefaultHotSeatGameState\")","ExecutorUri":"executor://NUnit3TestExecutor","Source":"H:\\GameDev\\GameColorChess\\ColorChess\\UnitTestColorChess\\bin\\Debug\\net6.0\\fine-code-coverage\\build-output\\UnitTestColorChess.dll","CodeFilePath":null,"LineNumber":0,"Properties":[{"Key":{"Id":"NUnit.Seed","Label":"Seed","Category":"","Description":"","Attributes":0,"ValueType":"System.String"},"Value":"1556383705"}]},"Attachments":[],"Outcome":1,"ErrorMessage":null,"ErrorStackTrace":null,"DisplayName":"Test_CheckCorrectStateCellBeforeBuilderForDefaultAndCustomMode(\"SetDefaultHotSeatGameState\")","Messages":[],"ComputerName":"KIRILLOK","Duration":"00:00:00.0011190","StartTime":"2024-02-05T20:37:37.6018012+00:00","EndTime":"2024-02-05T20:37:37.60292+00:00","Properties":[{"Key":{"Id":"NUnit.Seed","Label":"Seed","Category":"","Description":"","Attributes":0,"ValueType":"System.String"},"Value":"1556383705"}]},{"TestCase":{"Id":"75307649-ea16-b7bc-89b3-de8cd53bc474","FullyQualifiedName":"UnitTest.TestGameStateBuilder.Test_CheckCorrectStateCellBeforeBuilderForDefaultAndCustomMode(\"SetDefaultAIGameState\")","DisplayName":"Test_CheckCorrectStateCellBeforeBuilderForDefaultAndCustomMode(\"SetDefaultAIGameState\")","ExecutorUri":"executor://NUnit3TestExecutor","Source":"H:\\GameDev\\GameColorChess\\ColorChess\\UnitTestColorChess\\bin\\Debug\\net6.0\\fine-code-coverage\\build-output\\UnitTestColorChess.dll","CodeFilePath":null,"LineNumber":0,"Properties":[{"Key":{"Id":"NUnit.Seed","Label":"Seed","Category":"","Description":"","Attributes":0,"ValueType":"System.String"},"Value":"1759004842"}]},"Attachments":[],"Outcome":1,"ErrorMessage":null,"ErrorStackTrace":null,"DisplayName":"Test_CheckCorrectStateCellBeforeBuilderForDefaultAndCustomMode(\"SetDefaultAIGameState\")","Messages":[],"ComputerName":"KIRILLOK","Duration":"00:00:00.0009710","StartTime":"2024-02-05T20:37:37.6029437+00:00","EndTime":"2024-02-05T20:37:37.6039147+00:00","Properties":[{"Key":{"Id":"NUnit.Seed","Label":"Seed","Category":"","Description":"","Attributes":0,"ValueType":"System.String"},"Value":"1759004842"}]},{"TestCase":{"Id":"0f0ef498-9f17-bf6d-ccce-e177272384ba","FullyQualifiedName":"UnitTest.TestGameStateBuilder.Test_CheckCorrectStateCellBeforeBuilderForDefaultAndCustomMode(\"SetDefaultOnlineGameState\")","DisplayName":"Test_CheckCorrectStateCellBeforeBuilderForDefaultAndCustomMode(\"SetDefaultOnlineGameState\")","ExecutorUri":"executor://NUnit3TestExecutor","Source":"H:\\GameDev\\GameColorChess\\ColorChess\\UnitTestColorChess\\bin\\Debug\\net6.0\\fine-code-coverage\\build-output\\UnitTestColorChess.dll","CodeFilePath":null,"LineNumber":0,"Properties":[{"Key":{"Id":"NUnit.Seed","Label":"Seed","Category":"","Description":"","Attributes":0,"ValueType":"System.String"},"Value":"1925891187"}]},"Attachments":[],"Outcome":1,"ErrorMessage":null,"ErrorStackTrace":null,"DisplayName":"Test_CheckCorrectStateCellBeforeBuilderForDefaultAndCustomMode(\"SetDefaultOnlineGameState\")","Messages":[],"ComputerName":"KIRILLOK","Duration":"00:00:00.0010470","StartTime":"2024-02-05T20:37:37.6039307+00:00","EndTime":"2024-02-05T20:37:37.6049771+00:00","Properties":[{"Key":{"Id":"NUnit.Seed","Label":"Seed","Category":"","Description":"","Attributes":0,"ValueType":"System.String"},"Value":"1925891187"}]}],"TestRunStatistics":{"ExecutedTests":9,"Stats":{"Passed":9}},"ActiveTests":[{"Id":"7f3a62b1-590d-09e7-53ff-8a30424e0c71","FullyQualifiedName":"UnitTest.TestGameStateBuilder.Test_CheckCorrectStatePlayerBeforeBuilderForDefaultAndCustomMode(\"CustomMode\")","DisplayName":"Test_CheckCorrectStatePlayerBeforeBuilderForDefaultAndCustomMode(\"CustomMode\")","ExecutorUri":"executor://NUnit3TestExecutor","Source":"H:\\GameDev\\GameColorChess\\ColorChess\\UnitTestColorChess\\bin\\Debug\\net6.0\\fine-code-coverage\\build-output\\UnitTestColorChess.dll","CodeFilePath":null,"LineNumber":0,"Properties":[{"Key":{"Id":"NUnit.Seed","Label":"Seed","Category":"","Description":"","Attributes":0,"ValueType":"System.String"},"Value":"1545040817"}]}]}}
TpTrace Verbose: 0 : 38688, 13, 2024/02/05, 23:37:37.711, 13262981201329, vstest.console.dll, TestRunRequest:SendTestRunStatsChange: Starting.
TpTrace Verbose: 0 : 38688, 13, 2024/02/05, 23:37:37.711, 13262981204531, vstest.console.dll, InProgress is Test_CheckCorrectStatePlayerBeforeBuilderForDefaultAndCustomMode("CustomMode")
TpTrace Verbose: 0 : 38688, 13, 2024/02/05, 23:37:37.711, 13262981207833, vstest.console.dll, MulticastDelegateUtilities.SafeInvoke: TestRun.RunStatsChanged: Invoking callbacks was skipped because there are no subscribers.
TpTrace Information: 0 : 38688, 13, 2024/02/05, 23:37:37.711, 13262981208491, vstest.console.dll, TestRunRequest:SendTestRunStatsChange: Completed.
TpTrace Verbose: 0 : 38688, 13, 2024/02/05, 23:37:37.712, 13262981209009, vstest.console.dll, MulticastDelegateUtilities.SafeInvoke: LengthPrefixCommunicationChannel: MessageReceived: Invoking callback 1/1 for Microsoft.VisualStudio.TestPlatform.CommunicationUtilities.TestRequestSender+<>c__DisplayClass34_0., took 62 ms.
TpTrace Verbose: 0 : 38688, 13, 2024/02/05, 23:37:37.712, 13262981209339, vstest.console.dll, TcpClientExtensions.MessageLoopAsync: Polling on remoteEndPoint: 127.0.0.1:64397 localEndPoint: 127.0.0.1:64396
TpTrace Verbose: 0 : 38688, 13, 2024/02/05, 23:37:37.712, 13262981216383, vstest.console.dll, TcpClientExtensions.MessageLoopAsync: NotifyDataAvailable remoteEndPoint: 127.0.0.1:64397 localEndPoint: 127.0.0.1:64396
TpTrace Verbose: 0 : 38688, 13, 2024/02/05, 23:37:37.713, 13262981220262, vstest.console.dll, TestRequestSender.OnExecutionMessageReceived: Received message: {"Version":7,"MessageType":"TestExecution.StatsChange","Payload":{"NewTestResults":[{"TestCase":{"Id":"7f3a62b1-590d-09e7-53ff-8a30424e0c71","FullyQualifiedName":"UnitTest.TestGameStateBuilder.Test_CheckCorrectStatePlayerBeforeBuilderForDefaultAndCustomMode(\"CustomMode\")","DisplayName":"Test_CheckCorrectStatePlayerBeforeBuilderForDefaultAndCustomMode(\"CustomMode\")","ExecutorUri":"executor://NUnit3TestExecutor","Source":"H:\\GameDev\\GameColorChess\\ColorChess\\UnitTestColorChess\\bin\\Debug\\net6.0\\fine-code-coverage\\build-output\\UnitTestColorChess.dll","CodeFilePath":null,"LineNumber":0,"Properties":[{"Key":{"Id":"NUnit.Seed","Label":"Seed","Category":"","Description":"","Attributes":0,"ValueType":"System.String"},"Value":"1545040817"}]},"Attachments":[],"Outcome":1,"ErrorMessage":null,"ErrorStackTrace":null,"DisplayName":"Test_CheckCorrectStatePlayerBeforeBuilderForDefaultAndCustomMode(\"CustomMode\")","Messages":[],"ComputerName":"KIRILLOK","Duration":"00:00:00.0013840","StartTime":"2024-02-05T20:37:37.6050561+00:00","EndTime":"2024-02-05T20:37:37.6064398+00:00","Properties":[{"Key":{"Id":"NUnit.Seed","Label":"Seed","Category":"","Description":"","Attributes":0,"ValueType":"System.String"},"Value":"1545040817"}]},{"TestCase":{"Id":"baf5ace9-cca5-02cc-d95d-5a267cb0eea6","FullyQualifiedName":"UnitTest.TestGameStateBuilder.Test_CheckCorrectStatePlayerBeforeBuilderForDefaultAndCustomMode(\"SetDefaultHotSeatGameState\")","DisplayName":"Test_CheckCorrectStatePlayerBeforeBuilderForDefaultAndCustomMode(\"SetDefaultHotSeatGameState\")","ExecutorUri":"executor://NUnit3TestExecutor","Source":"H:\\GameDev\\GameColorChess\\ColorChess\\UnitTestColorChess\\bin\\Debug\\net6.0\\fine-code-coverage\\build-output\\UnitTestColorChess.dll","CodeFilePath":null,"LineNumber":0,"Properties":[{"Key":{"Id":"NUnit.Seed","Label":"Seed","Category":"","Description":"","Attributes":0,"ValueType":"System.String"},"Value":"1267275463"}]},"Attachments":[],"Outcome":1,"ErrorMessage":null,"ErrorStackTrace":null,"DisplayName":"Test_CheckCorrectStatePlayerBeforeBuilderForDefaultAndCustomMode(\"SetDefaultHotSeatGameState\")","Messages":[],"ComputerName":"KIRILLOK","Duration":"00:00:00.0054160","StartTime":"2024-02-05T20:37:37.6064675+00:00","EndTime":"2024-02-05T20:37:37.6118826+00:00","Properties":[{"Key":{"Id":"NUnit.Seed","Label":"Seed","Category":"","Description":"","Attributes":0,"ValueType":"System.String"},"Value":"1267275463"}]},{"TestCase":{"Id":"af4cca5d-6331-0a17-4b4e-c18713f0c482","FullyQualifiedName":"UnitTest.TestGameStateBuilder.Test_CheckCorrectStatePlayerBeforeBuilderForDefaultAndCustomMode(\"SetDefaultAIGameState\")","DisplayName":"Test_CheckCorrectStatePlayerBeforeBuilderForDefaultAndCustomMode(\"SetDefaultAIGameState\")","ExecutorUri":"executor://NUnit3TestExecutor","Source":"H:\\GameDev\\GameColorChess\\ColorChess\\UnitTestColorChess\\bin\\Debug\\net6.0\\fine-code-coverage\\build-output\\UnitTestColorChess.dll","CodeFilePath":null,"LineNumber":0,"Properties":[{"Key":{"Id":"NUnit.Seed","Label":"Seed","Category":"","Description":"","Attributes":0,"ValueType":"System.String"},"Value":"1544457771"}]},"Attachments":[],"Outcome":1,"ErrorMessage":null,"ErrorStackTrace":null,"DisplayName":"Test_CheckCorrectStatePlayerBeforeBuilderForDefaultAndCustomMode(\"SetDefaultAIGameState\")","Messages":[],"ComputerName":"KIRILLOK","Duration":"00:00:00.0002890","StartTime":"2024-02-05T20:37:37.6119063+00:00","EndTime":"2024-02-05T20:37:37.6121952+00:00","Properties":[{"Key":{"Id":"NUnit.Seed","Label":"Seed","Category":"","Description":"","Attributes":0,"ValueType":"System.String"},"Value":"1544457771"}]},{"TestCase":{"Id":"55bea309-fc24-8e26-6e2c-805104ea7dc1","FullyQualifiedName":"UnitTest.TestGameStateBuilder.Test_CheckCorrectStatePlayerBeforeBuilderForDefaultAndCustomMode(\"SetDefaultOnlineGameState\")","DisplayName":"Test_CheckCorrectStatePlayerBeforeBuilderForDefaultAndCustomMode(\"SetDefaultOnlineGameState\")","ExecutorUri":"executor://NUnit3TestExecutor","Source":"H:\\GameDev\\GameColorChess\\ColorChess\\UnitTestColorChess\\bin\\Debug\\net6.0\\fine-code-coverage\\build-output\\UnitTestColorChess.dll","CodeFilePath":null,"LineNumber":0,"Properties":[{"Key":{"Id":"NUnit.Seed","Label":"Seed","Category":"","Description":"","Attributes":0,"ValueType":"System.String"},"Value":"1265508407"}]},"Attachments":[],"Outcome":1,"ErrorMessage":null,"ErrorStackTrace":null,"DisplayName":"Test_CheckCorrectStatePlayerBeforeBuilderForDefaultAndCustomMode(\"SetDefaultOnlineGameState\")","Messages":[],"ComputerName":"KIRILLOK","Duration":"00:00:00.0002130","StartTime":"2024-02-05T20:37:37.6122033+00:00","EndTime":"2024-02-05T20:37:37.6124159+00:00","Properties":[{"Key":{"Id":"NUnit.Seed","Label":"Seed","Category":"","Description":"","Attributes":0,"ValueType":"System.String"},"Value":"1265508407"}]},{"TestCase":{"Id":"34b56a1d-0c75-b6ae-4939-33e969699f43","FullyQualifiedName":"UnitTest.TestGameStateBuilder.Test_CheckUniquenessPlayerForDefaultAndCustomMode(\"CustomMode\")","DisplayName":"Test_CheckUniquenessPlayerForDefaultAndCustomMode(\"CustomMode\")","ExecutorUri":"executor://NUnit3TestExecutor","Source":"H:\\GameDev\\GameColorChess\\ColorChess\\UnitTestColorChess\\bin\\Debug\\net6.0\\fine-code-coverage\\build-output\\UnitTestColorChess.dll","CodeFilePath":null,"LineNumber":0,"Properties":[{"Key":{"Id":"NUnit.Seed","Label":"Seed","Category":"","Description":"","Attributes":0,"ValueType":"System.String"},"Value":"558220211"}]},"Attachments":[],"Outcome":1,"ErrorMessage":null,"ErrorStackTrace":null,"DisplayName":"Test_CheckUniquenessPlayerForDefaultAndCustomMode(\"CustomMode\")","Messages":[],"ComputerName":"KIRILLOK","Duration":"00:00:00.0088660","StartTime":"2024-02-05T20:37:37.6124715+00:00","EndTime":"2024-02-05T20:37:37.6213303+00:00","Properties":[{"Key":{"Id":"NUnit.Seed","Label":"Seed","Category":"","Description":"","Attributes":0,"ValueType":"System.String"},"Value":"558220211"}]},{"TestCase":{"Id":"0141d079-2050-98ff-8445-1c653c2a5c35","FullyQualifiedName":"UnitTest.TestGameStateBuilder.Test_CheckUniquenessPlayerForDefaultAndCustomMode(\"SetDefaultHotSeatGameState\")","DisplayName":"Test_CheckUniquenessPlayerForDefaultAndCustomMode(\"SetDefaultHotSeatGameState\")","ExecutorUri":"executor://NUnit3TestExecutor","Source":"H:\\GameDev\\GameColorChess\\ColorChess\\UnitTestColorChess\\bin\\Debug\\net6.0\\fine-code-coverage\\build-output\\UnitTestColorChess.dll","CodeFilePath":null,"LineNumber":0,"Properties":[{"Key":{"Id":"NUnit.Seed","Label":"Seed","Category":"","Description":"","Attributes":0,"ValueType":"System.String"},"Value":"1016818169"}]},"Attachments":[],"Outcome":1,"ErrorMessage":null,"ErrorStackTrace":null,"DisplayName":"Test_CheckUniquenessPlayerForDefaultAndCustomMode(\"SetDefaultHotSeatGameState\")","Messages":[],"ComputerName":"KIRILLOK","Duration":"00:00:00.0002830","StartTime":"2024-02-05T20:37:37.6213659+00:00","EndTime":"2024-02-05T20:37:37.6216482+00:00","Properties":[{"Key":{"Id":"NUnit.Seed","Label":"Seed","Category":"","Description":"","Attributes":0,"ValueType":"System.String"},"Value":"1016818169"}]},{"TestCase":{"Id":"de32a164-1cc7-df96-8583-d0c0dab20bd8","FullyQualifiedName":"UnitTest.TestGameStateBuilder.Test_CheckUniquenessPlayerForDefaultAndCustomMode(\"SetDefaultAIGameState\")","DisplayName":"Test_CheckUniquenessPlayerForDefaultAndCustomMode(\"SetDefaultAIGameState\")","ExecutorUri":"executor://NUnit3TestExecutor","Source":"H:\\GameDev\\GameColorChess\\ColorChess\\UnitTestColorChess\\bin\\Debug\\net6.0\\fine-code-coverage\\build-output\\UnitTestColorChess.dll","CodeFilePath":null,"LineNumber":0,"Properties":[{"Key":{"Id":"NUnit.Seed","Label":"Seed","Category":"","Description":"","Attributes":0,"ValueType":"System.String"},"Value":"1301431872"}]},"Attachments":[],"Outcome":1,"ErrorMessage":null,"ErrorStackTrace":null,"DisplayName":"Test_CheckUniquenessPlayerForDefaultAndCustomMode(\"SetDefaultAIGameState\")","Messages":[],"ComputerName":"KIRILLOK","Duration":"00:00:00.0001180","StartTime":"2024-02-05T20:37:37.6216584+00:00","EndTime":"2024-02-05T20:37:37.621776+00:00","Properties":[{"Key":{"Id":"NUnit.Seed","Label":"Seed","Category":"","Description":"","Attributes":0,"ValueType":"System.String"},"Value":"1301431872"}]},{"TestCase":{"Id":"645fb609-be9a-8639-f7e0-c54452ec8d28","FullyQualifiedName":"UnitTest.TestGameStateBuilder.Test_CheckUniquenessPlayerForDefaultAndCustomMode(\"SetDefaultOnlineGameState\")","DisplayName":"Test_CheckUniquenessPlayerForDefaultAndCustomMode(\"SetDefaultOnlineGameState\")","ExecutorUri":"executor://NUnit3TestExecutor","Source":"H:\\GameDev\\GameColorChess\\ColorChess\\UnitTestColorChess\\bin\\Debug\\net6.0\\fine-code-coverage\\build-output\\UnitTestColorChess.dll","CodeFilePath":null,"LineNumber":0,"Properties":[{"Key":{"Id":"NUnit.Seed","Label":"Seed","Category":"","Description":"","Attributes":0,"ValueType":"System.String"},"Value":"1011057115"}]},"Attachments":[],"Outcome":1,"ErrorMessage":null,"ErrorStackTrace":null,"DisplayName":"Test_CheckUniquenessPlayerForDefaultAndCustomMode(\"SetDefaultOnlineGameState\")","Messages":[],"ComputerName":"KIRILLOK","Duration":"00:00:00.0001040","StartTime":"2024-02-05T20:37:37.6217815+00:00","EndTime":"2024-02-05T20:37:37.621885+00:00","Properties":[{"Key":{"Id":"NUnit.Seed","Label":"Seed","Category":"","Description":"","Attributes":0,"ValueType":"System.String"},"Value":"1011057115"}]},{"TestCase":{"Id":"0733ce17-ce1c-bdd0-7151-d51f55e9ffb8","FullyQualifiedName":"UnitTest.TestGameStateBuilder.Test_CorrectTypePlayerForDefaultMode","DisplayName":"Test_CorrectTypePlayerForDefaultMode","ExecutorUri":"executor://NUnit3TestExecutor","Source":"H:\\GameDev\\GameColorChess\\ColorChess\\UnitTestColorChess\\bin\\Debug\\net6.0\\fine-code-coverage\\build-output\\UnitTestColorChess.dll","CodeFilePath":null,"LineNumber":0,"Properties":[{"Key":{"Id":"NUnit.Seed","Label":"Seed","Category":"","Description":"","Attributes":0,"ValueType":"System.String"},"Value":"1792152023"}]},"Attachments":[],"Outcome":1,"ErrorMessage":null,"ErrorStackTrace":null,"DisplayName":"Test_CorrectTypePlayerForDefaultMode","Messages":[],"ComputerName":"KIRILLOK","Duration":"00:00:00.0014650","StartTime":"2024-02-05T20:37:37.6219053+00:00","EndTime":"2024-02-05T20:37:37.6233693+00:00","Properties":[{"Key":{"Id":"NUnit.Seed","Label":"Seed","Category":"","Description":"","Attributes":0,"ValueType":"System.String"},"Value":"1792152023"}]}],"TestRunStatistics":{"ExecutedTests":18,"Stats":{"Passed":18}},"ActiveTests":[{"Id":"766a65d9-fd33-575a-e01a-bcb5a144b88b","FullyQualifiedName":"UnitTest.TestJSONConverter.Test_JSONtoMap","DisplayName":"Test_JSONtoMap","ExecutorUri":"executor://NUnit3TestExecutor","Source":"H:\\GameDev\\GameColorChess\\ColorChess\\UnitTestColorChess\\bin\\Debug\\net6.0\\fine-code-coverage\\build-output\\UnitTestColorChess.dll","CodeFilePath":null,"LineNumber":0,"Properties":[{"Key":{"Id":"NUnit.Seed","Label":"Seed","Category":"","Description":"","Attributes":0,"ValueType":"System.String"},"Value":"319471542"}]}]}}
TpTrace Verbose: 0 : 38688, 4, 2024/02/05, 23:37:37.714, 13262981233620, vstest.console.dll, MulticastDelegateUtilities.SafeInvoke: InternalTestLoggerEvents.SendTestResult: Invoking callback 1/1 for Microsoft.VisualStudio.TestPlatform.CommandLine.Internal.ConsoleLogger., took 2 ms.
TpTrace Verbose: 0 : 38688, 4, 2024/02/05, 23:37:37.714, 13262981238056, vstest.console.dll, MulticastDelegateUtilities.SafeInvoke: InternalTestLoggerEvents.SendTestResult: Invoking callback 1/1 for Microsoft.VisualStudio.TestPlatform.CommandLine.Internal.ConsoleLogger., took 0 ms.
TpTrace Verbose: 0 : 38688, 13, 2024/02/05, 23:37:37.714, 13262981238514, vstest.console.dll, TestRunRequest:SendTestRunStatsChange: Starting.
TpTrace Verbose: 0 : 38688, 4, 2024/02/05, 23:37:37.715, 13262981239112, vstest.console.dll, MulticastDelegateUtilities.SafeInvoke: InternalTestLoggerEvents.SendTestResult: Invoking callback 1/1 for Microsoft.VisualStudio.TestPlatform.CommandLine.Internal.ConsoleLogger., took 0 ms.
TpTrace Verbose: 0 : 38688, 13, 2024/02/05, 23:37:37.715, 13262981239721, vstest.console.dll, InProgress is Test_JSONtoMap
TpTrace Verbose: 0 : 38688, 4, 2024/02/05, 23:37:37.715, 13262981240243, vstest.console.dll, MulticastDelegateUtilities.SafeInvoke: InternalTestLoggerEvents.SendTestResult: Invoking callback 1/1 for Microsoft.VisualStudio.TestPlatform.CommandLine.Internal.ConsoleLogger., took 0 ms.
TpTrace Verbose: 0 : 38688, 4, 2024/02/05, 23:37:37.715, 13262981240745, vstest.console.dll, MulticastDelegateUtilities.SafeInvoke: InternalTestLoggerEvents.SendTestResult: Invoking callback 1/1 for Microsoft.VisualStudio.TestPlatform.CommandLine.Internal.ConsoleLogger., took 0 ms.
TpTrace Verbose: 0 : 38688, 13, 2024/02/05, 23:37:37.715, 13262981240780, vstest.console.dll, MulticastDelegateUtilities.SafeInvoke: TestRun.RunStatsChanged: Invoking callbacks was skipped because there are no subscribers.
TpTrace Verbose: 0 : 38688, 4, 2024/02/05, 23:37:37.715, 13262981241120, vstest.console.dll, MulticastDelegateUtilities.SafeInvoke: InternalTestLoggerEvents.SendTestResult: Invoking callback 1/1 for Microsoft.VisualStudio.TestPlatform.CommandLine.Internal.ConsoleLogger., took 0 ms.
TpTrace Information: 0 : 38688, 13, 2024/02/05, 23:37:37.715, 13262981241577, vstest.console.dll, TestRunRequest:SendTestRunStatsChange: Completed.
TpTrace Verbose: 0 : 38688, 4, 2024/02/05, 23:37:37.715, 13262981241995, vstest.console.dll, MulticastDelegateUtilities.SafeInvoke: InternalTestLoggerEvents.SendTestResult: Invoking callback 1/1 for Microsoft.VisualStudio.TestPlatform.CommandLine.Internal.ConsoleLogger., took 0 ms.
TpTrace Verbose: 0 : 38688, 13, 2024/02/05, 23:37:37.715, 13262981242387, vstest.console.dll, MulticastDelegateUtilities.SafeInvoke: LengthPrefixCommunicationChannel: MessageReceived: Invoking callback 1/1 for Microsoft.VisualStudio.TestPlatform.CommunicationUtilities.TestRequestSender+<>c__DisplayClass34_0., took 2 ms.
TpTrace Verbose: 0 : 38688, 4, 2024/02/05, 23:37:37.715, 13262981242813, vstest.console.dll, MulticastDelegateUtilities.SafeInvoke: InternalTestLoggerEvents.SendTestResult: Invoking callback 1/1 for Microsoft.VisualStudio.TestPlatform.CommandLine.Internal.ConsoleLogger., took 0 ms.
TpTrace Verbose: 0 : 38688, 13, 2024/02/05, 23:37:37.715, 13262981243240, vstest.console.dll, TcpClientExtensions.MessageLoopAsync: Polling on remoteEndPoint: 127.0.0.1:64397 localEndPoint: 127.0.0.1:64396
TpTrace Verbose: 0 : 38688, 4, 2024/02/05, 23:37:37.715, 13262981243662, vstest.console.dll, MulticastDelegateUtilities.SafeInvoke: InternalTestLoggerEvents.SendTestResult: Invoking callback 1/1 for Microsoft.VisualStudio.TestPlatform.CommandLine.Internal.ConsoleLogger., took 0 ms.
TpTrace Verbose: 0 : 38688, 4, 2024/02/05, 23:37:37.716, 13262981255123, vstest.console.dll, MulticastDelegateUtilities.SafeInvoke: InternalTestLoggerEvents.SendTestResult: Invoking callback 1/1 for Microsoft.VisualStudio.TestPlatform.CommandLine.Internal.ConsoleLogger., took 1 ms.
TpTrace Verbose: 0 : 38688, 4, 2024/02/05, 23:37:37.716, 13262981257153, vstest.console.dll, MulticastDelegateUtilities.SafeInvoke: InternalTestLoggerEvents.SendTestResult: Invoking callback 1/1 for Microsoft.VisualStudio.TestPlatform.CommandLine.Internal.ConsoleLogger., took 0 ms.
TpTrace Verbose: 0 : 38688, 4, 2024/02/05, 23:37:37.716, 13262981257584, vstest.console.dll, MulticastDelegateUtilities.SafeInvoke: InternalTestLoggerEvents.SendTestResult: Invoking callback 1/1 for Microsoft.VisualStudio.TestPlatform.CommandLine.Internal.ConsoleLogger., took 0 ms.
TpTrace Verbose: 0 : 38688, 4, 2024/02/05, 23:37:37.716, 13262981258000, vstest.console.dll, MulticastDelegateUtilities.SafeInvoke: InternalTestLoggerEvents.SendTestResult: Invoking callback 1/1 for Microsoft.VisualStudio.TestPlatform.CommandLine.Internal.ConsoleLogger., took 0 ms.
TpTrace Verbose: 0 : 38688, 4, 2024/02/05, 23:37:37.716, 13262981258333, vstest.console.dll, MulticastDelegateUtilities.SafeInvoke: InternalTestLoggerEvents.SendTestResult: Invoking callback 1/1 for Microsoft.VisualStudio.TestPlatform.CommandLine.Internal.ConsoleLogger., took 0 ms.
TpTrace Verbose: 0 : 38688, 4, 2024/02/05, 23:37:37.716, 13262981258663, vstest.console.dll, MulticastDelegateUtilities.SafeInvoke: InternalTestLoggerEvents.SendTestResult: Invoking callback 1/1 for Microsoft.VisualStudio.TestPlatform.CommandLine.Internal.ConsoleLogger., took 0 ms.
TpTrace Verbose: 0 : 38688, 4, 2024/02/05, 23:37:37.717, 13262981259051, vstest.console.dll, MulticastDelegateUtilities.SafeInvoke: InternalTestLoggerEvents.SendTestResult: Invoking callback 1/1 for Microsoft.VisualStudio.TestPlatform.CommandLine.Internal.ConsoleLogger., took 0 ms.
TpTrace Verbose: 0 : 38688, 4, 2024/02/05, 23:37:37.717, 13262981259668, vstest.console.dll, MulticastDelegateUtilities.SafeInvoke: InternalTestLoggerEvents.SendTestResult: Invoking callback 1/1 for Microsoft.VisualStudio.TestPlatform.CommandLine.Internal.ConsoleLogger., took 0 ms.
TpTrace Verbose: 0 : 38688, 4, 2024/02/05, 23:37:37.717, 13262981259986, vstest.console.dll, MulticastDelegateUtilities.SafeInvoke: InternalTestLoggerEvents.SendTestResult: Invoking callback 1/1 for Microsoft.VisualStudio.TestPlatform.CommandLine.Internal.ConsoleLogger., took 0 ms.
TpTrace Verbose: 0 : 38688, 13, 2024/02/05, 23:37:37.764, 13262981738115, vstest.console.dll, TcpClientExtensions.MessageLoopAsync: NotifyDataAvailable remoteEndPoint: 127.0.0.1:64397 localEndPoint: 127.0.0.1:64396
TpTrace Verbose: 0 : 38688, 13, 2024/02/05, 23:37:37.765, 13262981740674, vstest.console.dll, TestRequestSender.OnExecutionMessageReceived: Received message: {"Version":7,"MessageType":"TestSession.Message","Payload":{"MessageLevel":0,"Message":"NUnit Adapter 4.4.0.0: Test execution complete"}}
TpTrace Verbose: 0 : 38688, 13, 2024/02/05, 23:37:37.765, 13262981742920, vstest.console.dll, TestRunRequest:SendTestRunMessage: Starting.
TpTrace Verbose: 0 : 38688, 13, 2024/02/05, 23:37:37.765, 13262981743906, vstest.console.dll, MulticastDelegateUtilities.SafeInvoke: TestRun.LogMessages: Invoking callback 1/1 for Microsoft.VisualStudio.TestPlatform.CommandLine.TestRunResultAggregator., took 0 ms.
TpTrace Information: 0 : 38688, 13, 2024/02/05, 23:37:37.765, 13262981744251, vstest.console.dll, TestRunRequest:SendTestRunMessage: Completed.
TpTrace Verbose: 0 : 38688, 4, 2024/02/05, 23:37:37.765, 13262981744514, vstest.console.dll, MulticastDelegateUtilities.SafeInvoke: InternalTestLoggerEvents.SendTestRunMessage: Invoking callback 1/1 for Microsoft.VisualStudio.TestPlatform.CommandLine.Internal.ConsoleLogger., took 0 ms.
TpTrace Verbose: 0 : 38688, 13, 2024/02/05, 23:37:37.765, 13262981744540, vstest.console.dll, MulticastDelegateUtilities.SafeInvoke: LengthPrefixCommunicationChannel: MessageReceived: Invoking callback 1/1 for Microsoft.VisualStudio.TestPlatform.CommunicationUtilities.TestRequestSender+<>c__DisplayClass34_0., took 0 ms.
TpTrace Verbose: 0 : 38688, 13, 2024/02/05, 23:37:37.765, 13262981746670, vstest.console.dll, TcpClientExtensions.MessageLoopAsync: Polling on remoteEndPoint: 127.0.0.1:64397 localEndPoint: 127.0.0.1:64396
TpTrace Verbose: 0 : 38688, 13, 2024/02/05, 23:37:37.857, 13262982661039, vstest.console.dll, TcpClientExtensions.MessageLoopAsync: NotifyDataAvailable remoteEndPoint: 127.0.0.1:64397 localEndPoint: 127.0.0.1:64396
TpTrace Verbose: 0 : 38688, 13, 2024/02/05, 23:37:37.857, 13262982665146, vstest.console.dll, TestRequestSender.OnExecutionMessageReceived: Received message: {"Version":7,"MessageType":"TestExecution.Completed","Payload":{"TestRunCompleteArgs":{"TestRunStatistics":{"ExecutedTests":21,"Stats":{"Passed":21}},"IsCanceled":false,"IsAborted":false,"Error":null,"AttachmentSets":[],"InvokedDataCollectors":[],"ElapsedTimeInRunningTests":"00:00:00.5442766","Metrics":{},"DiscoveredExtensions":{"TestDiscoverers":["NUnit.VisualStudio.TestAdapter.NUnit3TestDiscoverer, NUnit3.TestAdapter, Version=4.4.0.0, Culture=neutral, PublicKeyToken=4cb40d35494691ac"],"TestExecutors":["executor://NUnit3TestExecutor"],"TestExecutors2":[],"TestSettingsProviders":[]}},"LastRunTests":{"NewTestResults":[{"TestCase":{"Id":"766a65d9-fd33-575a-e01a-bcb5a144b88b","FullyQualifiedName":"UnitTest.TestJSONConverter.Test_JSONtoMap","DisplayName":"Test_JSONtoMap","ExecutorUri":"executor://NUnit3TestExecutor","Source":"H:\\GameDev\\GameColorChess\\ColorChess\\UnitTestColorChess\\bin\\Debug\\net6.0\\fine-code-coverage\\build-output\\UnitTestColorChess.dll","CodeFilePath":null,"LineNumber":0,"Properties":[{"Key":{"Id":"NUnit.Seed","Label":"Seed","Category":"","Description":"","Attributes":0,"ValueType":"System.String"},"Value":"319471542"}]},"Attachments":[],"Outcome":1,"ErrorMessage":null,"ErrorStackTrace":null,"DisplayName":"Test_JSONtoMap","Messages":[],"ComputerName":"KIRILLOK","Duration":"00:00:00.0893110","StartTime":"2024-02-05T20:37:37.623553+00:00","EndTime":"2024-02-05T20:37:37.7128636+00:00","Properties":[{"Key":{"Id":"NUnit.Seed","Label":"Seed","Category":"","Description":"","Attributes":0,"ValueType":"System.String"},"Value":"319471542"}]},{"TestCase":{"Id":"6d870e62-f6e8-2517-433b-3aa459f70504","FullyQualifiedName":"UnitTest.TestPosition.Position_ConvertString","DisplayName":"Position_ConvertString","ExecutorUri":"executor://NUnit3TestExecutor","Source":"H:\\GameDev\\GameColorChess\\ColorChess\\UnitTestColorChess\\bin\\Debug\\net6.0\\fine-code-coverage\\build-output\\UnitTestColorChess.dll","CodeFilePath":null,"LineNumber":0,"Properties":[{"Key":{"Id":"NUnit.Seed","Label":"Seed","Category":"","Description":"","Attributes":0,"ValueType":"System.String"},"Value":"305397795"}]},"Attachments":[],"Outcome":1,"ErrorMessage":null,"ErrorStackTrace":null,"DisplayName":"Position_ConvertString","Messages":[],"ComputerName":"KIRILLOK","Duration":"00:00:00.0050930","StartTime":"2024-02-05T20:37:37.7134837+00:00","EndTime":"2024-02-05T20:37:37.7185762+00:00","Properties":[{"Key":{"Id":"NUnit.Seed","Label":"Seed","Category":"","Description":"","Attributes":0,"ValueType":"System.String"},"Value":"305397795"}]},{"TestCase":{"Id":"a49d7d7b-007e-c3f5-76bf-bad7b916acce","FullyQualifiedName":"UnitTest.TestPosition.Position_Equal","DisplayName":"Position_Equal","ExecutorUri":"executor://NUnit3TestExecutor","Source":"H:\\GameDev\\GameColorChess\\ColorChess\\UnitTestColorChess\\bin\\Debug\\net6.0\\fine-code-coverage\\build-output\\UnitTestColorChess.dll","CodeFilePath":null,"LineNumber":0,"Properties":[{"Key":{"Id":"NUnit.Seed","Label":"Seed","Category":"","Description":"","Attributes":0,"ValueType":"System.String"},"Value":"1935561441"}]},"Attachments":[],"Outcome":1,"ErrorMessage":null,"ErrorStackTrace":null,"DisplayName":"Position_Equal","Messages":[],"ComputerName":"KIRILLOK","Duration":"00:00:00.0113870","StartTime":"2024-02-05T20:37:37.7262393+00:00","EndTime":"2024-02-05T20:37:37.7376271+00:00","Properties":[{"Key":{"Id":"NUnit.Seed","Label":"Seed","Category":"","Description":"","Attributes":0,"ValueType":"System.String"},"Value":"1935561441"}]}],"TestRunStatistics":{"ExecutedTests":21,"Stats":{"Passed":21}},"ActiveTests":[]},"RunAttachments":[],"ExecutorUris":["executor://nunit3testexecutor/"]}}
TpTrace Verbose: 0 : 38688, 13, 2024/02/05, 23:37:37.864, 13262982734489, vstest.console.dll, TestRequestSender.EndSession: Sending end session.
TpTrace Verbose: 0 : 38688, 13, 2024/02/05, 23:37:37.865, 13262982738950, vstest.console.dll, ProxyOperationManager.Close: waiting for test host to exit for 100 ms
TpTrace Warning: 0 : 38688, 11, 2024/02/05, 23:37:37.898, 13262983068940, vstest.console.dll, TestHostManagerCallbacks.ErrorReceivedCallback Test host standard error line: 
TpTrace Verbose: 0 : 38688, 11, 2024/02/05, 23:37:37.919, 13262983288705, vstest.console.dll, TestHostProvider.ExitCallBack: Host exited starting callback.
TpTrace Information: 0 : 38688, 11, 2024/02/05, 23:37:37.920, 13262983292462, vstest.console.dll, TestHostManagerCallbacks.ExitCallBack: Testhost processId: 62364 exited with exitcode: 0 error: ''
TpTrace Verbose: 0 : 38688, 11, 2024/02/05, 23:37:37.920, 13262983293281, vstest.console.dll, DotnetTestHostManager.OnHostExited: invoking OnHostExited callback
TpTrace Verbose: 0 : 38688, 11, 2024/02/05, 23:37:37.920, 13262983293999, vstest.console.dll, CrossPlatEngine.TestHostManagerHostExited: calling on client process exit callback.
TpTrace Information: 0 : 38688, 11, 2024/02/05, 23:37:37.920, 13262983294729, vstest.console.dll, TestRequestSender.OnClientProcessExit: Test host process exited. Standard error: 
TpTrace Information: 0 : 38688, 11, 2024/02/05, 23:37:37.920, 13262983295164, vstest.console.dll, SocketServer.Stop: Stop server endPoint: 127.0.0.1:64396
TpTrace Information: 0 : 38688, 11, 2024/02/05, 23:37:37.920, 13262983295415, vstest.console.dll, SocketServer.Stop: Cancellation requested. Stopping message loop.
TpTrace Information: 0 : 38688, 13, 2024/02/05, 23:37:37.920, 13262983297302, vstest.console.dll, SocketServer.Stop: Stop server endPoint: 127.0.0.1:64396
TpTrace Information: 0 : 38688, 13, 2024/02/05, 23:37:37.920, 13262983298154, vstest.console.dll, SocketServer.Stop: Cancellation requested. Stopping message loop.
TpTrace Verbose: 0 : 38688, 11, 2024/02/05, 23:37:37.920, 13262983297202, vstest.console.dll, MulticastDelegateUtilities.SafeInvoke: HostProviderEvents.OnHostExited: Invoking callback 1/1 for Microsoft.VisualStudio.TestPlatform.CrossPlatEngine.Client.ProxyOperationManager., took 0 ms.
TpTrace Information: 0 : 38688, 13, 2024/02/05, 23:37:37.920, 13262983298734, vstest.console.dll, Closing the connection
TpTrace Verbose: 0 : 38688, 13, 2024/02/05, 23:37:37.921, 13262983302776, vstest.console.dll, ProxyDataCollectionManager.InvokeDataCollectionServiceAction: Starting.
TpTrace Information: 0 : 38688, 13, 2024/02/05, 23:37:37.921, 13262983303856, vstest.console.dll, ProxyDataCollectionManager.AfterTestRunEnd: Get attachment set and invoked data collectors processId: 45200 port: 64393
TpTrace Verbose: 0 : 38688, 13, 2024/02/05, 23:37:37.921, 13262983304461, vstest.console.dll, DataCollectionRequestSender.SendAfterTestRunStartAndGetResult: Send AfterTestRunEnd message with isCancelled: False
TpTrace Verbose: 0 : 38688, 13, 2024/02/05, 23:37:37.942, 13262983513606, vstest.console.dll, DataCollectionRequestSender.SendAfterTestRunStartAndGetResult: Received message: (DataCollection.AfterTestRunEndResult) -> {"MessageType":"DataCollection.AfterTestRunEndResult","Payload":{"AttachmentSets":[],"InvokedDataCollectors":[{"Uri":"datacollector://Microsoft/TestPlatform/Extensions/Blame/v1","FriendlyName":"Blame","AssemblyQualifiedName":"Microsoft.TestPlatform.Extensions.BlameDataCollector.BlameCollector, Microsoft.TestPlatform.Extensions.BlameDataCollector, Version=15.0.0.0, Culture=neutral, PublicKeyToken=b03f5f7f11d50a3a","FilePath":"C:\\Program Files\\dotnet\\sdk\\7.0.304\\Extensions\\Microsoft.TestPlatform.Extensions.BlameDataCollector.dll","HasAttachmentProcessor":false}],"Metrics":{}}}
TpTrace Information: 0 : 38688, 13, 2024/02/05, 23:37:37.954, 13262983636109, vstest.console.dll, ProxyDataCollectionManager.InvokeDataCollectionServiceAction: Completed.
TpTrace Warning: 0 : 38688, 10, 2024/02/05, 23:37:37.988, 13262983978288, vstest.console.dll, DataCollectionLauncher.ErrorReceivedCallback datacollector standard error line: 
TpTrace Information: 0 : 38688, 10, 2024/02/05, 23:37:37.996, 13262984049725, vstest.console.dll, DataCollectionLauncher.ExitCallBack: Data collector exited with exitcode: 0 error: ''
TpTrace Verbose: 0 : 38688, 13, 2024/02/05, 23:37:38.052, 13262984615705, vstest.console.dll, TestRunRequest:SendTestRunStatsChange: Starting.
TpTrace Verbose: 0 : 38688, 13, 2024/02/05, 23:37:38.052, 13262984617702, vstest.console.dll, MulticastDelegateUtilities.SafeInvoke: TestRun.RunStatsChanged: Invoking callbacks was skipped because there are no subscribers.
TpTrace Information: 0 : 38688, 13, 2024/02/05, 23:37:38.052, 13262984618075, vstest.console.dll, TestRunRequest:SendTestRunStatsChange: Completed.
TpTrace Verbose: 0 : 38688, 4, 2024/02/05, 23:37:38.052, 13262984618531, vstest.console.dll, MulticastDelegateUtilities.SafeInvoke: InternalTestLoggerEvents.SendTestResult: Invoking callback 1/1 for Microsoft.VisualStudio.TestPlatform.CommandLine.Internal.ConsoleLogger., took 0 ms.
TpTrace Verbose: 0 : 38688, 4, 2024/02/05, 23:37:38.053, 13262984619272, vstest.console.dll, MulticastDelegateUtilities.SafeInvoke: InternalTestLoggerEvents.SendTestResult: Invoking callback 1/1 for Microsoft.VisualStudio.TestPlatform.CommandLine.Internal.ConsoleLogger., took 0 ms.
TpTrace Verbose: 0 : 38688, 4, 2024/02/05, 23:37:38.053, 13262984619604, vstest.console.dll, MulticastDelegateUtilities.SafeInvoke: InternalTestLoggerEvents.SendTestResult: Invoking callback 1/1 for Microsoft.VisualStudio.TestPlatform.CommandLine.Internal.ConsoleLogger., took 0 ms.
TpTrace Verbose: 0 : 38688, 13, 2024/02/05, 23:37:38.053, 13262984623484, vstest.console.dll, ParallelProxyExecutionManager: HandlePartialRunComplete: Total completed clients = 1, Run complete = True, Run canceled: False.
TpTrace Verbose: 0 : 38688, 4, 2024/02/05, 23:37:38.063, 13262984728330, vstest.console.dll, MulticastDelegateUtilities.SafeInvoke: InternalTestLoggerEvents.SendTestRunComplete: Invoking callback 1/2 for Microsoft.TestPlatform.Extensions.BlameDataCollector.BlameLogger., took 0 ms.
TpTrace Verbose: 0 : 38688, 4, 2024/02/05, 23:37:38.073, 13262984827992, vstest.console.dll, MulticastDelegateUtilities.SafeInvoke: InternalTestLoggerEvents.SendTestRunComplete: Invoking callback 2/2 for Microsoft.VisualStudio.TestPlatform.CommandLine.Internal.ConsoleLogger., took 9 ms.
TpTrace Verbose: 0 : 38688, 13, 2024/02/05, 23:37:38.074, 13262984834022, vstest.console.dll, TestRunRequest:TestRunComplete: Starting. IsAborted:False IsCanceled:False.
TpTrace Verbose: 0 : 38688, 13, 2024/02/05, 23:37:38.077, 13262984859462, vstest.console.dll, TestLoggerManager.HandleTestRunComplete: Ignoring as the object is disposed.
TpTrace Verbose: 0 : 38688, 13, 2024/02/05, 23:37:38.077, 13262984864246, vstest.console.dll, MulticastDelegateUtilities.SafeInvoke: TestRun.TestRunComplete: Invoking callback 1/2 for Microsoft.VisualStudio.TestPlatform.CommandLine.TestRunResultAggregator., took 0 ms.
TpTrace Verbose: 0 : 38688, 13, 2024/02/05, 23:37:38.077, 13262984867909, vstest.console.dll, MulticastDelegateUtilities.SafeInvoke: TestRun.TestRunComplete: Invoking callback 2/2 for Microsoft.VisualStudio.TestPlatform.CommandLine.Processors.RunTestsArgumentExecutor+TestRunRequestEventsRegistrar., took 0 ms.
TpTrace Information: 0 : 38688, 13, 2024/02/05, 23:37:38.078, 13262984869656, vstest.console.dll, TestRunRequest:TestRunComplete: Completed.
TpTrace Verbose: 0 : 38688, 13, 2024/02/05, 23:37:38.078, 13262984870199, vstest.console.dll, TestRequestSender.SetOperationComplete: Setting operation complete.
TpTrace Information: 0 : 38688, 13, 2024/02/05, 23:37:38.078, 13262984870558, vstest.console.dll, SocketServer.Stop: Stop server endPoint: 127.0.0.1:64396
TpTrace Information: 0 : 38688, 13, 2024/02/05, 23:37:38.078, 13262984870810, vstest.console.dll, SocketServer.Stop: Cancellation requested. Stopping message loop.
TpTrace Verbose: 0 : 38688, 1, 2024/02/05, 23:37:38.078, 13262984870803, vstest.console.dll, TestRunRequest.Dispose: Starting.
TpTrace Verbose: 0 : 38688, 13, 2024/02/05, 23:37:38.078, 13262984871104, vstest.console.dll, MulticastDelegateUtilities.SafeInvoke: LengthPrefixCommunicationChannel: MessageReceived: Invoking callback 1/1 for Microsoft.VisualStudio.TestPlatform.CommunicationUtilities.TestRequestSender+<>c__DisplayClass34_0., took 220 ms.
TpTrace Information: 0 : 38688, 1, 2024/02/05, 23:37:38.078, 13262984872028, vstest.console.dll, TestRunRequest.Dispose: Completed.
TpTrace Information: 0 : 38688, 1, 2024/02/05, 23:37:38.078, 13262984872548, vstest.console.dll, TestRequestManager.RunTests: run tests completed.
TpTrace Information: 0 : 38688, 13, 2024/02/05, 23:37:38.078, 13262984872562, vstest.console.dll, SocketServer.PrivateStop: Stopping server endPoint: 127.0.0.1:64396 error: 
TpTrace Information: 0 : 38688, 1, 2024/02/05, 23:37:38.078, 13262984873994, vstest.console.dll, RunTestsArgumentProcessor:Execute: Test run is completed.
TpTrace Verbose: 0 : 38688, 1, 2024/02/05, 23:37:38.078, 13262984876210, vstest.console.dll, Executor.Execute: Exiting with exit code of 0
TpTrace Verbose: 0 : 38688, 13, 2024/02/05, 23:37:38.078, 13262984878195, vstest.console.dll, LengthPrefixCommunicationChannel.Dispose: Dispose reader and writer.
TpTrace Information: 0 : 38688, 13, 2024/02/05, 23:37:38.079, 13262984879232, vstest.console.dll, SocketServer.Stop: Raise disconnected event endPoint: 127.0.0.1:64396 error: 
TpTrace Verbose: 0 : 38688, 13, 2024/02/05, 23:37:38.079, 13262984880580, vstest.console.dll, TestRequestSender: OnTestRunAbort: Operation is already complete. Skip error message.
TpTrace Verbose: 0 : 38688, 13, 2024/02/05, 23:37:38.079, 13262984880928, vstest.console.dll, MulticastDelegateUtilities.SafeInvoke: SocketServer: ClientDisconnected: Invoking callback 1/1 for Microsoft.VisualStudio.TestPlatform.CommunicationUtilities.TestRequestSender., took 0 ms.
TpTrace Verbose: 0 : 38688, 13, 2024/02/05, 23:37:38.079, 13262984881201, vstest.console.dll, TcpClientExtensions.MessageLoopAsync: exiting MessageLoopAsync remoteEndPoint: 127.0.0.1:64397 localEndPoint: 127.0.0.1:64396
